#### Algoritmo de Iteración de Valor ###
------------------------------------------

Nodos inicializados:

{'1': 58.5, '2': 57.0, '3': 55.5, '4': 54.0, '5': 52.5, '6': 51.0, '7': 49.5, '8': 48.0, '9': 46.5, '10': 45.0, '11': 43.5, '12': 42.0, '13': 40.5, '14': 39.0, '15': 37.5, '16': 36.0, '17': 34.5, '18': 33.0, '19': 31.5, '20': 30.0, '21': 28.5, '22': 27.0, '23': 25.5, '24': 24.0, '25': 22.5, '26': 21.0, '27': 19.5, '28': 18.0, '29': 16.5, '30': 15.0, '31': 13.5, '32': 12.0, '33': 10.5, '34': 9.0, '35': 7.5, '36': 6.0, '37': 4.5, '38': 3.0, '39': 1.5, '40': 0.0, '41': 1.5}

Número de iteraciones: 44

Tiempo de ejecución: 1.414337158203125 s

Política final: 

[['→' '→' '→' '↓']
 ['→' '→' '→' '↓']
 ['↑' '→' '→' '↓']
 ['↑' '→' '→' '↓']
 ['↑' '→' '→' '↓']
 ['↑' '→' '→' '↓']
 ['↑' '→' '→' '↓']
 ['↑' '→' '→' '↓']
 ['↑' '→' '→' '↓']
 ['↑' '→' '→' '↑']]

Detalle de las iteraciones
-------------------------

Tabla de valores por cada iteración:

[58.5 57.  55.5 54.  52.5 51.  49.5 48.  46.5 45.  43.5 42.  40.5 39.  37.5 36.  34.5 33.  31.5 30.  28.5 27.  25.5 24.  22.5 21.  19.5 18.  16.5 15.  13.5 12.  10.5  9.   7.5  6.   4.5  3.   1.5  0.   1.5]
[48.25       40.2175     33.711175   31.3400575  42.85       30.613775   23.60305575 22.24275018 37.45       21.27395375 15.20306994 14.68276294 32.05       13.62115364  9.25905757  9.33315182 26.65        8.28936528  5.67678899  6.10911009 21.25        5.13363977  3.8397923   4.45581307
 15.85        3.54910112  3.02620337  3.72358303 10.45        2.86227528  2.69056882  3.42151194  5.05        2.5815868   2.35        1.          3.7         2.35        2.215       0.          2.35      ]
[37.19575    26.00865775 20.32997516 19.29697764 28.5523975  16.92948624 12.49774105 12.24796695 20.14655838 10.44124986  7.60588742  7.84529868 13.25903827  6.50043821  5.01126972  5.51014275  8.46042875  4.47898349  3.84499823  4.46049841  5.62027579  3.60663146  3.39224338  4.05301904
  4.19419101  3.28405084  3.22738771  3.90464894  3.57604775  3.1728967   3.115       1.9         3.32342812  3.115       2.8855      1.          3.115       3.10285     2.9035      0.          3.115     ]
[24.40779198 14.99323385 11.40352025 11.26316823 16.23653761  9.1516624   7.08184782  7.37366304 10.39712488  6.00403484  5.03607532  5.53246779  6.85039439  4.58097059  4.21959899  4.79763909  5.03108514  4.04439942  3.93934926  4.54541433  4.24596831  3.87281085  3.84957896  4.46462107
  3.95564576  3.82260591  3.8035      2.71        3.85560703  3.8035      3.49975     1.9         3.8035      3.764485    3.44395     1.          3.792565    3.784465    3.52315     0.          3.8035    ]
[14.49391047  8.75516154  7.07861173  7.37075056  9.23649616  6.02954043  5.32292998  5.79063699  6.40363135  4.92850588  4.69361434  5.22425291  5.12287353  4.56046267  4.50058408  5.05052567  4.63995947  4.45711231  4.44572869  5.00115582  4.48552976  4.43098342  4.42315     3.439
  4.44034532  4.42315     4.062295    2.71        4.42315     4.3472125   3.947275    1.9         4.3880365   4.3620265   3.946555    1.          4.4060185   4.3979185   4.080835    0.          4.42315   ]
[8.87964539 6.28201125 5.70965679 6.13869111 6.42658639 5.34974479 5.17827397 5.66044657 5.43565529 5.07008823 5.03116715 5.52805043 5.1044164  5.00019352 4.99370485 5.49433437 5.01140108 4.98467338 4.980835   4.0951     4.98788508 4.980835   4.5773335  3.439      4.980835   4.86175285 4.4154955
 2.71       4.91249125 4.86186625 4.3500475  1.9        4.92582385 4.89981385 4.3988995  1.         4.95812665 4.95002665 4.5827515  0.         4.980835  ]
[6.65381012 5.78156843 5.64267707 6.07840936 5.81477031 5.54790636 5.51949397 5.96754457 5.56307941 5.49533454 5.49111691 5.94200521 5.50017417 5.48493938 5.4827515  4.68559    5.48620604 5.4827515  5.04874135 4.0951     5.4827515  5.31731589 4.85059915 3.439      5.37557757 5.29618947 4.73337595
 2.71       5.37567963 5.32505463 4.71254275 1.9        5.40983246 5.38382246 4.80600955 1.         5.45502399 5.44692399 5.03447635 0.         5.4827515 ]
[6.20341159 5.98725179 5.96423775 6.36781398 5.99311572 5.94366197 5.9405831  6.34652479 5.94580108 5.93589847 5.93447635 5.217031   5.93644544 5.93447635 5.4800943  4.68559    5.93447635 5.72181138 5.25452712 4.0951     5.7855843  5.67529389 5.09653824 3.439      5.76657052 5.68718242 5.01946835
 2.71       5.79254916 5.74192416 5.03878848 1.9        5.84544022 5.81943022 5.17240859 1.         5.90223159 5.89413159 5.44102871 0.         5.93447635]
[6.38852661 6.34846907 6.34597518 6.71137766 6.34929577 6.34206686 6.34102872 5.6953279  6.34230862 6.34102872 5.87468924 5.217031   6.34102872 6.08203094 5.6291635  4.68559    6.14963024 6.00785359 5.4397343  4.0951     6.1077645  5.99747409 5.31788341 3.439      6.11846418 6.03907608 5.27695152
 2.71       6.16773175 6.11710675 5.33240963 1.9        6.2374872  6.2114772  5.50216774 1.         6.30471843 6.29661843 5.80692584 0.         6.34102872]
[6.71362216 6.70776674 6.70692584 6.12579511 6.70786018 6.70692584 6.23556425 5.6953279  6.70692584 6.40380518 5.97632733 5.217031   6.47382785 6.30116267 5.76332578 4.68559    6.40706823 6.26529158 5.60642077 4.0951     6.39772668 6.28743627 5.51709407 3.439      6.43516847 6.35578037 5.50868637
 2.71       6.50539607 6.45477107 5.59666866 1.9        6.59032948 6.56431948 5.79895096 1.         6.66695659 6.65885659 6.13623326 0.         6.70692584]
[7.03699007 7.03623326 6.56551737 6.12579511 7.03623326 6.69213929 6.29776676 5.6953279  6.76342466 6.56134422 6.06780161 5.217031   6.6710464  6.49838122 5.88407183 4.68559    6.63876242 6.49698577 5.7564386  4.0951     6.65869264 6.54840223 5.69638366 3.439      6.72020233 6.64081423 5.71724773
 2.71       6.80929396 6.75866896 5.8345018  1.9        6.90788753 6.88187753 6.06605587 1.         6.99297093 6.98487093 6.43260993 0.         7.03623326]
[7.33260993 6.95133006 6.59515503 6.12579511 7.02292537 6.79352939 6.35374902 5.6953279  6.9052098  6.70312936 6.15012846 5.217031   6.8485431  6.67587792 5.99274328 4.68559    6.8472872  6.70551055 5.89145464 4.0951     6.89356201 6.7832716  5.8577443  3.439      6.97673281 6.89734471 5.90495296
 2.71       7.08280207 7.03217707 6.04855162 1.9        7.19368978 7.16767978 6.30645028 1.         7.28638383 7.27828383 6.69934894 0.         7.33260993]
[7.25619705 7.00201047 6.62182893 6.12579511 7.11417645 6.88478047 6.40413306 5.6953279  7.03281643 6.83073599 6.22422263 5.217031   7.00829013 6.83562495 6.09054758 4.68559    7.03495949 6.89318284 6.01296907 4.0951     7.10494444 6.99465403 6.00296887 3.439      7.20761024 7.12822214 6.07388766
 2.71       7.32895936 7.27833436 6.24119646 1.9        7.4509118  7.4249018  6.52280525 1.         7.55045545 7.54235545 6.93941405 0.         7.59934894]
[7.30180942 7.04762284 6.64583544 6.12579511 7.19630243 6.96690645 6.44947869 5.6953279  7.14766239 6.94558195 6.29090738 5.217031   7.15206245 6.97939727 6.17857145 4.68559    7.20386456 7.06208791 6.12233207 4.0951     7.29518863 7.18489822 6.13367098 3.439      7.41539992 7.33601182 6.2259289
 2.71       7.55050093 7.49987593 6.41457681 1.9        7.68241162 7.65640162 6.71752473 1.         7.78811991 7.78001991 7.15547264 0.         7.83941405]
[7.34286056 7.08867397 6.6674413  6.12579511 7.27021581 7.04081983 6.49028975 5.6953279  7.25102375 7.04894331 6.35092366 5.217031   7.28145754 7.10879236 6.25779294 4.68559    7.35587912 7.21410247 6.22075876 4.0951     7.46640839 7.35611798 6.25130288 3.439      7.60241064 7.52302254 6.36276601
 2.71       7.74988833 7.69926333 6.57061913 1.9        7.89076146 7.86475146 6.89277225 1.         8.00201791 7.99391791 7.34992538 0.         8.05547264]
[7.37980658 7.12561999 6.68688658 6.12579511 7.33673785 7.10734187 6.52701972 5.6953279  7.34404898 7.14196854 6.40493831 5.217031   7.39791313 7.22524794 6.32909227 4.68559    7.49269222 7.35091557 6.30934278 4.0951     7.62050619 7.51021578 6.35717159 3.439      7.77072029 7.69133219 6.48591941
 2.71       7.929337   7.878712   6.71105722 1.9        8.07827631 8.05226631 7.05049503 1.         8.19452612 8.18642612 7.52493284 0.         8.24992538]
[7.41305799 7.15887141 6.70438732 6.12579511 7.39660768 7.16721171 6.56007668 5.6953279  7.42777169 7.22569125 6.45355149 5.217031   7.50272315 7.33005797 6.39326167 4.68559    7.61582402 7.47404737 6.3890684  4.0951     7.7591942  7.64890379 6.45245343 3.439      7.92219897 7.84281087 6.59675747
 2.71       8.0908408  8.0402158  6.8374515  1.9        8.24703968 8.22102968 7.19244553 1.         8.36778351 8.35968351 7.68243956 0.         8.42493284]
[7.44298427 7.18879769 6.72013799 6.12579511 7.45049054 7.22109456 6.58982795 5.6953279  7.50312212 7.30104168 6.49730336 5.217031   7.59705217 7.42438699 6.45101414 4.68559    7.72664263 7.58486598 6.46082146 4.0951     7.88401341 7.773723   6.53820709 3.439      8.05852978 7.97914168 6.69651172
 2.71       8.23619422 8.18556922 6.95120635 1.9        8.39892671 8.37291671 7.32020097 1.         8.52371516 8.51561516 7.8241956  0.         8.58243956]
[7.46991792 7.21573134 6.7343136  6.12579511 7.4989851  7.26958913 6.61660409 5.6953279  7.57093751 7.36885707 6.53668004 5.217031   7.68194829 7.50928311 6.50299135 4.68559    7.82637938 7.68460274 6.52539922 4.0951     7.9963507  7.88606029 6.61538538 3.439      8.18122751 8.10183941 6.78629055
 2.71       8.36310476 8.3163873  7.05358571 1.9        8.52679429 8.50961504 7.43518088 1.         8.66405364 8.65595364 7.95177604 0.         8.7241956 ]
[7.4941582  7.23997162 6.74707164 6.12579511 7.54263021 7.31323424 6.64070262 5.6953279  7.63197137 7.42989093 6.57211905 5.217031   7.7583548  7.58568962 6.54977085 4.68559    7.91614246 7.77436581 6.5835192  4.0951     8.09745426 7.98716385 6.68484584 3.439      8.28770883 8.21226737 6.86709149
 2.71       8.45893795 8.43412357 7.14572714 1.9        8.61304416 8.63264354 7.53866279 1.         8.75173974 8.78225828 8.06659844 0.         8.85177604]
[7.51597446 7.26178787 6.75855388 6.12579511 7.58191081 7.35251484 6.66239129 5.6953279  7.68690183 7.48482139 6.60401416 5.217031   7.82712066 7.65445548 6.59187239 4.68559    7.99692923 7.85515258 6.63582718 4.0951     8.18844747 8.07815706 6.74736026 3.439      8.36960272 8.31165254 6.93981234
 2.71       8.53264245 8.54008621 7.22865443 1.9        8.6793782  8.74336918 7.63179651 1.         8.81144038 8.89593245 8.16993859 0.         8.96659844]
[7.53560909 7.2814225  6.7688879  6.12579511 7.61726335 7.38786738 6.6819111  5.6953279  7.73633925 7.53425881 6.63271976 5.217031   7.88900993 7.71634475 6.62976378 4.68559    8.06963732 7.92786068 6.68290436 4.0951     8.26267359 8.16005094 6.80362323 3.439      8.43640623 8.40109918 7.00526111
 2.71       8.59276561 8.63545259 7.30328898 1.9        8.73348905 8.84302226 7.71561686 1.         8.86014014 8.99823921 8.26294473 0.         9.06993859]
[7.55328025 7.29909367 6.77818851 6.12579511 7.64908064 7.41968466 6.69947893 5.6953279  7.78083293 7.57875249 6.6585548  5.217031   7.94471027 7.77204509 6.66386604 4.68559    8.13507461 7.99329796 6.72527382 4.0951     8.32156715 8.23375544 6.85425991 3.439      8.48941043 8.48160116 7.064165
 2.71       8.64046939 8.72128233 7.37046009 1.9        8.77642245 8.93271004 7.79105517 1.         8.89878021 9.09031529 8.34665026 0.         9.16294473]
[7.5691843  7.31499772 6.78655907 6.12579511 7.6777162  7.44832022 6.71528997 5.6953279  7.82087724 7.6187968  6.68180633 5.217031   7.99484058 7.8221754  6.69455806 4.68559    8.19396816 8.05219151 6.76340634 4.0951     8.37457135 8.30008948 6.89983292 3.439      8.53711421 8.55405295 7.1171785
 2.71       8.68340279 8.7985291  7.43091408 1.9        8.81506251 9.01342903 7.85894966 1.         8.93355626 9.17318376 8.42198523 0.         9.24665026]
[7.58349795 7.32931137 6.79409256 6.12579511 7.7034882  7.47409222 6.72951991 5.6953279  7.85691712 7.65483668 6.70273271 5.217031   8.03995786 7.86729268 6.72218089 4.68559    8.23596208 8.10519571 6.79772561 4.0951     8.41236587 8.35979012 6.94084863 3.439      8.57112928 8.61925955 7.16489065
 2.71       8.71401635 8.86805119 7.48532267 1.9        8.84261472 9.08607613 7.92005469 1.         8.95835325 9.24776538 8.48978671 0.         9.32198523]
[7.59638023 7.34219365 6.80087271 6.12579511 7.726683   7.49728702 6.74232686 5.6953279  7.88935301 7.68727257 6.72156646 5.217031   8.08056341 7.90789823 6.74704143 4.68559    8.27250707 8.15289949 6.82861295 4.0951     8.44525636 8.4135207  6.97776276 3.439      8.60073073 8.6779455  7.20783158
 2.71       8.74065766 8.93062107 7.5342904  1.9        8.86659189 9.15145852 7.97504922 1.         8.9799327  9.31488884 8.55080804 0.         9.38978671]
[7.60797428 7.3537877  6.80697484 6.12579511 7.74755832 7.51816235 6.75385311 5.6953279  7.91854532 7.71646488 6.73851683 5.217031   8.11710841 7.94444323 6.76941591 4.68559    8.30539757 8.19583289 6.85641155 4.0951     8.47485781 8.46187822 7.01098549 3.439      8.62737203 8.73076285 7.24647842
 2.71       8.76463483 8.98693396 7.57836136 1.9        8.88817134 9.21030267 8.0245443  1.         8.99935421 9.37529996 8.60572724 0.         9.45080804]
[7.61840893 7.36422235 6.81246676 6.12579511 7.76634611 7.53695014 6.76422673 5.6953279  7.94481839 7.74273795 6.75377216 5.217031   8.14999891 7.97733372 6.78955295 4.68559    8.33499901 8.23447296 6.8814303  4.0951     8.50149911 8.50539999 7.04088594 3.439      8.6513492  8.77829846 7.28126058
 2.71       8.78621428 9.03761557 7.61802523 1.9        8.90759285 9.2632624  8.06908987 1.         9.01683357 9.42966996 8.65515451 0.         9.50572724]
[7.62780011 7.37361353 6.81740949 6.12579511 7.78325512 7.55385915 6.773563   5.6953279  7.96846415 7.76638371 6.76750196 5.217031   8.17161774 8.00693517 6.80767629 4.68559    8.35445596 8.26924901 6.90394717 4.0951     8.51901037 8.54456958 7.06779635 3.439      8.66710933 8.82108052 7.31256452
 2.71       8.8003984  9.08322901 7.6537227  1.9        8.92035856 9.31092616 8.10918088 1.         9.0283227  9.47860297 8.69963906 0.         9.55515451]
[7.63625218 7.38206559 6.82185795 6.12579511 7.79847323 7.56907725 6.78196563 5.6953279  7.98974534 7.7876649  6.77985878 5.217031   8.19077081 8.03357647 6.82398729 4.68559    8.37169373 8.30054746 6.92421235 4.0951     8.53452435 8.57982221 7.09201571 3.439      8.68107192 8.85958436 7.34073807
 2.71       8.81296473 9.12428111 7.68585043 1.9        8.93166825 9.35382354 8.14526279 1.         9.03850143 9.52264267 8.73967515 0.         9.59963906]
[7.64385903 7.38967245 6.82586155 6.12579511 7.81216953 7.58277355 6.78952801 5.6953279  8.00889841 7.80681797 6.79097992 5.217031   8.20800857 8.05755364 6.83866719 4.68559    8.38720771 8.32871607 6.94245101 4.0951     8.54848694 8.61154958 7.11381314 3.439      8.69363825 8.89423783 7.36609426
 2.71       8.82427442 9.161228   7.71476539 1.9        8.94184698 9.39243119 8.17773651 1.         9.04766228 9.5622784  8.77570764 0.         9.63967515]
[7.65070521 7.39651862 6.8294648  6.12579511 7.8244962  7.59510022 6.79633414 5.6953279  8.02613617 7.82405573 6.80098894 5.217031   8.22352256 8.0791331  6.8518791  4.68559    8.4011703  8.35406781 6.95886581 4.0951     8.56105327 8.64010421 7.13343083 3.439      8.70494794 8.92542595 7.38891484
 2.71       8.83445315 9.1944802  7.74078885 1.9        8.95100783 9.42717807 8.20696286 1.         9.05590705 9.59795056 8.80813688 0.         9.67570764]
[7.65686676 7.40268018 6.83270773 6.12579511 7.8355902  7.60619422 6.80245967 5.6953279  8.04165016 7.83956972 6.80999706 5.217031   8.23748514 8.09855461 6.86376982 4.68559    8.41373663 8.37688438 6.97363913 4.0951     8.57236297 8.66580338 7.15108674 3.439      8.71512667 8.95349525 7.40945335
 2.71       8.843614   9.22440718 7.76420997 1.9        8.9592526  9.45845026 8.23326658 1.         9.06332734 9.63005551 8.83732319 0.         9.70813688]
[7.66241216 7.40822558 6.83562636 6.12579511 7.8455748  7.61617882 6.80797264 5.6953279  8.05561275 7.85353231 6.81810437 5.217031   8.25005147 8.11603397 6.87447147 4.68559    8.42504633 8.39741929 6.98693512 4.0951     8.58254169 8.68893263 7.16697707 3.439      8.72428752 8.97875763 7.42793802
 2.71       8.85185877 9.25134146 7.78528897 1.9        8.96667289 9.48659524 8.25693992 1.         9.0700056  9.65894996 8.86359087 0.         9.73732319]
[7.66740302 7.41321644 6.83825313 6.12579511 7.85456094 7.62516497 6.81293431 5.6953279  8.06817908 7.86609864 6.82540095 5.217031   8.26136117 8.13176539 6.88410295 4.68559    8.43522505 8.41590072 6.99890151 4.0951     8.59170255 8.70974896 7.18127836 3.439      8.73253229 9.00149376 7.44457422
 2.71       8.85927906 9.27558231 7.80426007 1.9        8.97335116 9.51192571 8.27824593 1.         9.07601604 9.68495496 8.88723178 0.         9.76359087]
[7.67189479 7.41770821 6.84061722 6.12579511 7.86264847 7.63325249 6.81739981 5.6953279  8.07638362 7.87740833 6.83196787 5.217031   8.26874526 8.14592367 6.89277129 4.68559    8.44187073 8.43253399 7.00967126 4.0951     8.59768366 8.72848365 7.19414953 3.439      8.73791529 9.02195629 7.4595468
 2.71       8.86412377 9.29739908 7.82133406 1.9        8.97771139 9.53472314 8.29742133 1.         9.07994025 9.70835946 8.9085086  0.         9.78723178]
[7.67593739 7.42175081 6.8427449  6.12579511 7.86992724 7.64053127 6.82141877 5.6953279  8.08293452 7.88758706 6.8378781  5.217031   8.27464107 8.15866612 6.90057279 4.68559    8.44717696 8.44750395 7.01936403 4.0951     8.60245926 8.74534488 7.20573357 3.439      8.74221334 9.04037256 7.47302212
 2.71       8.867992   9.31703417 7.83670066 1.9        8.9811928  9.55524083 8.3146792  1.         9.08307352 9.72942352 8.92765774 0.         9.8085086 ]
[7.67957573 7.42538914 6.84465981 6.12579511 7.87647814 7.64708216 6.82503583 5.6953279  8.08883033 7.89674791 6.8431973  5.217031   8.27994729 8.17013433 6.90759414 4.68559    8.45195256 8.4609769  7.02808753 4.0951     8.60675731 8.76051998 7.21615922 3.439      8.74608158 9.0569472  7.4851499
 2.71       8.87147342 9.33470576 7.85053059 1.9        8.98432608 9.57370674 8.33021128 1.         9.08589347 9.74838117 8.94489197 0.         9.82765774]
[7.68285023 7.42866365 6.84638324 6.12579511 7.88237395 7.65297797 6.82829118 5.6953279  8.09413655 7.90499268 6.84798459 5.217031   8.2847229  8.18045571 6.91391336 4.68559    8.45625061 8.47310256 7.03593867 4.0951     8.61062555 8.77417757 7.22554229 3.439      8.74956299 9.07186438 7.49606491
 2.71       8.87460669 9.35061018 7.86297753 1.9        8.98714602 9.59032607 8.34419015 1.         9.08843142 9.76544305 8.96040277 0.         9.84489197]
[7.68579728 7.4316107  6.84793432 6.12579511 7.88768017 7.6582842  6.831221   5.6953279  8.09891216 7.91241297 6.85229314 5.217031   8.28902094 8.18974496 6.91960065 4.68559    8.46011885 8.48401566 7.04300471 4.0951     8.61410696 8.78646941 7.23398706 3.439      8.75269627 9.08528984 7.50588842
 2.71       8.87742664 9.36492416 7.87417978 1.9        8.98968398 9.60528346 8.35677114 1.         9.09071558 9.78079874 8.97436249 0.         9.86040277]
[7.68844963 7.43426305 6.84933029 6.12579511 7.89245578 7.6630598  6.83385784 5.6953279  8.1032102  7.91909124 6.85617084 5.217031   8.29288918 8.19810529 6.92471921 4.68559    8.46360026 8.49383744 7.04936414 4.0951     8.61724024 8.79753205 7.24158736 3.439      8.75551621 9.09737276 7.51472958
 2.71       8.87996459 9.37780675 7.8842618  1.9        8.99196813 9.61874512 8.36809402 1.         9.09277132 9.79461887 8.98692625 0.         9.87436249]
[7.69083674 7.43665016 6.85058666 6.12579511 7.89675382 7.66735785 6.83623099 5.6953279  8.10707844 7.92510167 6.85966077 5.217031   8.2963706  8.20562958 6.92932592 4.68559    8.46673354 8.50267705 7.05508762 4.0951     8.62006018 8.80748844 7.24842762 3.439      8.75805416 9.10824738 7.52268662
 2.71       8.88224875 9.38940107 7.89333562 1.9        8.99402387 9.63086061 8.37828462 1.         9.09462149 9.80705698 8.99823362 0.         9.88692625]
[7.69298514 7.43879856 6.8517174  6.12579511 7.90062206 7.67122609 6.83836683 5.6953279  8.11055986 7.93051106 6.86280171 5.217031   8.29950387 8.21240144 6.93347196 4.68559    8.46955348 8.5106327  7.06023876 4.0951     8.62259813 8.81644919 7.25458386 3.439      8.76033832 9.11803455 7.52984796
 2.71       8.88430449 9.39983597 7.90150206 1.9        8.99587404 9.64176454 8.38745616 1.         9.09628664 9.81825128 9.00841026 0.         9.89823362]
[7.6949187  7.44073212 6.85273506 6.12579511 7.90410348 7.6747075  6.84028908 5.6953279  8.11369313 7.93537952 6.86562856 5.217031   8.30232382 8.21849611 6.93720339 4.68559    8.47209143 8.51779278 7.06487478 4.0951     8.62488229 8.82451386 7.26012447 3.439      8.76239406 9.12684299 7.53629316
 2.71       8.88615466 9.40922737 7.90885185 1.9        8.99753919 9.65157809 8.39571054 1.         9.09778527 9.82832616 9.01756923 0.         9.90841026]
[7.69665891 7.44247233 6.85365096 6.12579511 7.90723675 7.67784077 6.84201911 5.6953279  8.11651308 7.93976113 6.86817271 5.217031   8.30486177 8.22398132 6.94056169 4.68559    8.47437559 8.52423685 7.06904721 4.0951     8.62693803 8.83177206 7.26511103 3.439      8.76424423 9.13477059 7.54209385
 2.71       8.88781981 9.41767963 7.91546667 1.9        8.99903783 9.66041028 8.40313949 1.         9.09913404 9.83739354 9.02581231 0.         9.91756923]

Tabla de direcciones por cada iteración:

['↓' '←' '←' '←' '↓' '↑' '←' '←' '↓' '↑' '←' '←' '↓' '↑' '←' '←' '↓' '↑' '←' '←' '↓' '↑' '←' '←' '↓' '↑' '←' '←' '↓' '↑' '←' '←' '↓' '↑' '↓' '↓' '→' '→' '→' '↑' '↑']
['→' '↓' '↓' '←' '→' '↓' '↓' '←' '→' '↓' '↓' '←' '→' '↓' '↓' '←' '→' '↓' '↓' '←' '→' '↓' '↓' '←' '→' '↓' '↓' '←' '→' '↓' '↓' '↓' '→' '↓' '→' '↓' '→' '→' '→' '↑' '↑']
['→' '↓' '↓' '←' '→' '↓' '↓' '←' '→' '↓' '↓' '←' '→' '↓' '↓' '←' '→' '↓' '↓' '←' '→' '↓' '↓' '←' '→' '↓' '↓' '↓' '→' '↓' '→' '↓' '↓' '→' '→' '↓' '→' '→' '→' '↑' '↑']
['→' '↓' '↓' '←' '→' '↓' '↓' '←' '→' '↓' '↓' '←' '→' '↓' '↓' '←' '→' '↓' '↓' '←' '→' '↓' '↓' '↓' '→' '↓' '→' '↓' '↓' '→' '→' '↓' '→' '→' '→' '↓' '→' '→' '→' '↑' '↑']
['→' '↓' '↓' '←' '→' '↓' '↓' '←' '→' '↓' '↓' '←' '→' '↓' '↓' '←' '→' '↓' '↓' '↓' '→' '↓' '→' '↓' '↓' '→' '→' '↓' '→' '→' '→' '↓' '→' '→' '→' '↓' '→' '→' '→' '↑' '↑']
['→' '↓' '↓' '←' '→' '↓' '↓' '←' '→' '↓' '↓' '←' '→' '↓' '↓' '↓' '→' '↓' '→' '↓' '↓' '→' '→' '↓' '→' '→' '→' '↓' '→' '→' '→' '↓' '→' '→' '→' '↓' '→' '→' '→' '↑' '↑']
['→' '↓' '↓' '←' '→' '↓' '↓' '←' '→' '↓' '↓' '↓' '→' '↓' '→' '↓' '↓' '→' '→' '↓' '→' '→' '→' '↓' '→' '→' '→' '↓' '→' '→' '→' '↓' '→' '→' '→' '↓' '→' '→' '→' '↑' '↑']
['→' '↓' '↓' '←' '→' '↓' '↓' '↓' '→' '↓' '→' '↓' '↓' '→' '→' '↓' '→' '→' '→' '↓' '→' '→' '→' '↓' '→' '→' '→' '↓' '→' '→' '→' '↓' '→' '→' '→' '↓' '→' '→' '→' '↑' '↑']
['→' '↓' '↓' '↓' '→' '↓' '→' '↓' '↓' '→' '→' '↓' '→' '→' '→' '↓' '→' '→' '→' '↓' '→' '→' '→' '↓' '→' '→' '→' '↓' '→' '→' '→' '↓' '→' '→' '→' '↓' '→' '→' '→' '↑' '↑']
['→' '↓' '→' '↓' '↓' '→' '→' '↓' '→' '→' '→' '↓' '→' '→' '→' '↓' '→' '→' '→' '↓' '→' '→' '→' '↓' '→' '→' '→' '↓' '→' '→' '→' '↓' '→' '→' '→' '↓' '→' '→' '→' '↑' '↑']
['↓' '→' '→' '↓' '→' '→' '→' '↓' '→' '→' '→' '↓' '→' '→' '→' '↓' '→' '→' '→' '↓' '→' '→' '→' '↓' '→' '→' '→' '↓' '→' '→' '→' '↓' '→' '→' '→' '↓' '→' '→' '→' '↑' '↑']
['→' '→' '→' '↓' '→' '→' '→' '↓' '→' '→' '→' '↓' '→' '→' '→' '↓' '→' '→' '→' '↓' '→' '→' '→' '↓' '→' '→' '→' '↓' '→' '→' '→' '↓' '→' '→' '→' '↓' '→' '→' '→' '↑' '↑']
['→' '→' '→' '↓' '→' '→' '→' '↓' '→' '→' '→' '↓' '→' '→' '→' '↓' '→' '→' '→' '↓' '→' '→' '→' '↓' '→' '→' '→' '↓' '→' '→' '→' '↓' '→' '→' '→' '↓' '→' '→' '→' '↑' '↑']
['→' '→' '→' '↓' '→' '→' '→' '↓' '→' '→' '→' '↓' '→' '→' '→' '↓' '→' '→' '→' '↓' '→' '→' '→' '↓' '→' '→' '→' '↓' '→' '→' '→' '↓' '→' '→' '→' '↓' '→' '→' '→' '↑' '↑']
['→' '→' '→' '↓' '→' '→' '→' '↓' '→' '→' '→' '↓' '→' '→' '→' '↓' '→' '→' '→' '↓' '→' '→' '→' '↓' '→' '→' '→' '↓' '→' '→' '→' '↓' '→' '→' '→' '↓' '→' '→' '→' '↑' '↑']
['→' '→' '→' '↓' '→' '→' '→' '↓' '→' '→' '→' '↓' '→' '→' '→' '↓' '→' '→' '→' '↓' '→' '→' '→' '↓' '→' '→' '→' '↓' '→' '→' '→' '↓' '→' '→' '→' '↓' '→' '→' '→' '↑' '↑']
['→' '→' '→' '↓' '→' '→' '→' '↓' '→' '→' '→' '↓' '→' '→' '→' '↓' '→' '→' '→' '↓' '→' '→' '→' '↓' '→' '→' '→' '↓' '→' '→' '→' '↓' '→' '→' '→' '↓' '→' '→' '→' '↑' '↑']
['→' '→' '→' '↓' '→' '→' '→' '↓' '→' '→' '→' '↓' '→' '→' '→' '↓' '→' '→' '→' '↓' '→' '→' '→' '↓' '→' '→' '→' '↓' '↑' '→' '→' '↓' '↑' '→' '→' '↓' '→' '→' '→' '↑' '↑']
['→' '→' '→' '↓' '→' '→' '→' '↓' '→' '→' '→' '↓' '→' '→' '→' '↓' '→' '→' '→' '↓' '→' '→' '→' '↓' '↑' '→' '→' '↓' '↑' '→' '→' '↓' '↑' '→' '→' '↓' '↑' '→' '→' '↑' '↑']
['→' '→' '→' '↓' '→' '→' '→' '↓' '→' '→' '→' '↓' '→' '→' '→' '↓' '→' '→' '→' '↓' '→' '→' '→' '↓' '↑' '→' '→' '↓' '↑' '→' '→' '↓' '↑' '→' '→' '↓' '↑' '→' '→' '↑' '↑']
['→' '→' '→' '↓' '→' '→' '→' '↓' '→' '→' '→' '↓' '→' '→' '→' '↓' '→' '→' '→' '↓' '↑' '→' '→' '↓' '↑' '→' '→' '↓' '↑' '→' '→' '↓' '↑' '→' '→' '↓' '↑' '→' '→' '↑' '↑']
['→' '→' '→' '↓' '→' '→' '→' '↓' '→' '→' '→' '↓' '→' '→' '→' '↓' '→' '→' '→' '↓' '↑' '→' '→' '↓' '↑' '→' '→' '↓' '↑' '→' '→' '↓' '↑' '→' '→' '↓' '↑' '→' '→' '↑' '↑']
['→' '→' '→' '↓' '→' '→' '→' '↓' '→' '→' '→' '↓' '→' '→' '→' '↓' '→' '→' '→' '↓' '↑' '→' '→' '↓' '↑' '→' '→' '↓' '↑' '→' '→' '↓' '↑' '→' '→' '↓' '↑' '→' '→' '↑' '↑']
['→' '→' '→' '↓' '→' '→' '→' '↓' '→' '→' '→' '↓' '→' '→' '→' '↓' '↑' '→' '→' '↓' '↑' '→' '→' '↓' '↑' '→' '→' '↓' '↑' '→' '→' '↓' '↑' '→' '→' '↓' '↑' '→' '→' '↑' '↑']
['→' '→' '→' '↓' '→' '→' '→' '↓' '→' '→' '→' '↓' '→' '→' '→' '↓' '↑' '→' '→' '↓' '↑' '→' '→' '↓' '↑' '→' '→' '↓' '↑' '→' '→' '↓' '↑' '→' '→' '↓' '↑' '→' '→' '↑' '↑']
['→' '→' '→' '↓' '→' '→' '→' '↓' '→' '→' '→' '↓' '→' '→' '→' '↓' '↑' '→' '→' '↓' '↑' '→' '→' '↓' '↑' '→' '→' '↓' '↑' '→' '→' '↓' '↑' '→' '→' '↓' '↑' '→' '→' '↑' '↑']
['→' '→' '→' '↓' '→' '→' '→' '↓' '→' '→' '→' '↓' '→' '→' '→' '↓' '↑' '→' '→' '↓' '↑' '→' '→' '↓' '↑' '→' '→' '↓' '↑' '→' '→' '↓' '↑' '→' '→' '↓' '↑' '→' '→' '↑' '↑']
['→' '→' '→' '↓' '→' '→' '→' '↓' '→' '→' '→' '↓' '↑' '→' '→' '↓' '↑' '→' '→' '↓' '↑' '→' '→' '↓' '↑' '→' '→' '↓' '↑' '→' '→' '↓' '↑' '→' '→' '↓' '↑' '→' '→' '↑' '↑']
['→' '→' '→' '↓' '→' '→' '→' '↓' '→' '→' '→' '↓' '↑' '→' '→' '↓' '↑' '→' '→' '↓' '↑' '→' '→' '↓' '↑' '→' '→' '↓' '↑' '→' '→' '↓' '↑' '→' '→' '↓' '↑' '→' '→' '↑' '↑']
['→' '→' '→' '↓' '→' '→' '→' '↓' '→' '→' '→' '↓' '↑' '→' '→' '↓' '↑' '→' '→' '↓' '↑' '→' '→' '↓' '↑' '→' '→' '↓' '↑' '→' '→' '↓' '↑' '→' '→' '↓' '↑' '→' '→' '↑' '↑']
['→' '→' '→' '↓' '→' '→' '→' '↓' '→' '→' '→' '↓' '↑' '→' '→' '↓' '↑' '→' '→' '↓' '↑' '→' '→' '↓' '↑' '→' '→' '↓' '↑' '→' '→' '↓' '↑' '→' '→' '↓' '↑' '→' '→' '↑' '↑']
['→' '→' '→' '↓' '→' '→' '→' '↓' '→' '→' '→' '↓' '↑' '→' '→' '↓' '↑' '→' '→' '↓' '↑' '→' '→' '↓' '↑' '→' '→' '↓' '↑' '→' '→' '↓' '↑' '→' '→' '↓' '↑' '→' '→' '↑' '↑']
['→' '→' '→' '↓' '→' '→' '→' '↓' '→' '→' '→' '↓' '↑' '→' '→' '↓' '↑' '→' '→' '↓' '↑' '→' '→' '↓' '↑' '→' '→' '↓' '↑' '→' '→' '↓' '↑' '→' '→' '↓' '↑' '→' '→' '↑' '↑']
['→' '→' '→' '↓' '→' '→' '→' '↓' '→' '→' '→' '↓' '↑' '→' '→' '↓' '↑' '→' '→' '↓' '↑' '→' '→' '↓' '↑' '→' '→' '↓' '↑' '→' '→' '↓' '↑' '→' '→' '↓' '↑' '→' '→' '↑' '↑']
['→' '→' '→' '↓' '→' '→' '→' '↓' '↑' '→' '→' '↓' '↑' '→' '→' '↓' '↑' '→' '→' '↓' '↑' '→' '→' '↓' '↑' '→' '→' '↓' '↑' '→' '→' '↓' '↑' '→' '→' '↓' '↑' '→' '→' '↑' '↑']
['→' '→' '→' '↓' '→' '→' '→' '↓' '↑' '→' '→' '↓' '↑' '→' '→' '↓' '↑' '→' '→' '↓' '↑' '→' '→' '↓' '↑' '→' '→' '↓' '↑' '→' '→' '↓' '↑' '→' '→' '↓' '↑' '→' '→' '↑' '↑']
['→' '→' '→' '↓' '→' '→' '→' '↓' '↑' '→' '→' '↓' '↑' '→' '→' '↓' '↑' '→' '→' '↓' '↑' '→' '→' '↓' '↑' '→' '→' '↓' '↑' '→' '→' '↓' '↑' '→' '→' '↓' '↑' '→' '→' '↑' '↑']
['→' '→' '→' '↓' '→' '→' '→' '↓' '↑' '→' '→' '↓' '↑' '→' '→' '↓' '↑' '→' '→' '↓' '↑' '→' '→' '↓' '↑' '→' '→' '↓' '↑' '→' '→' '↓' '↑' '→' '→' '↓' '↑' '→' '→' '↑' '↑']
['→' '→' '→' '↓' '→' '→' '→' '↓' '↑' '→' '→' '↓' '↑' '→' '→' '↓' '↑' '→' '→' '↓' '↑' '→' '→' '↓' '↑' '→' '→' '↓' '↑' '→' '→' '↓' '↑' '→' '→' '↓' '↑' '→' '→' '↑' '↑']
['→' '→' '→' '↓' '→' '→' '→' '↓' '↑' '→' '→' '↓' '↑' '→' '→' '↓' '↑' '→' '→' '↓' '↑' '→' '→' '↓' '↑' '→' '→' '↓' '↑' '→' '→' '↓' '↑' '→' '→' '↓' '↑' '→' '→' '↑' '↑']
['→' '→' '→' '↓' '→' '→' '→' '↓' '↑' '→' '→' '↓' '↑' '→' '→' '↓' '↑' '→' '→' '↓' '↑' '→' '→' '↓' '↑' '→' '→' '↓' '↑' '→' '→' '↓' '↑' '→' '→' '↓' '↑' '→' '→' '↑' '↑']
['→' '→' '→' '↓' '→' '→' '→' '↓' '↑' '→' '→' '↓' '↑' '→' '→' '↓' '↑' '→' '→' '↓' '↑' '→' '→' '↓' '↑' '→' '→' '↓' '↑' '→' '→' '↓' '↑' '→' '→' '↓' '↑' '→' '→' '↑' '↑']
['→' '→' '→' '↓' '→' '→' '→' '↓' '↑' '→' '→' '↓' '↑' '→' '→' '↓' '↑' '→' '→' '↓' '↑' '→' '→' '↓' '↑' '→' '→' '↓' '↑' '→' '→' '↓' '↑' '→' '→' '↓' '↑' '→' '→' '↑' '↑']
['→' '→' '→' '↓' '→' '→' '→' '↓' '↑' '→' '→' '↓' '↑' '→' '→' '↓' '↑' '→' '→' '↓' '↑' '→' '→' '↓' '↑' '→' '→' '↓' '↑' '→' '→' '↓' '↑' '→' '→' '↓' '↑' '→' '→' '↑' '↑']
