#### Algoritmo de Iteración de Valor ###
------------------------------------------

Nodos inicializados:

{'1': 66.0, '2': 64.5, '3': 63.0, '4': 61.5, '5': 60.0, '6': 58.5, '7': 57.0, '8': 55.5, '9': 54.0, '10': 52.5, '11': 51.0, '12': 49.5, '13': 48.0, '14': 46.5, '15': 45.0, '16': 43.5, '17': 42.0, '18': 40.5, '19': 39.0, '20': 37.5, '21': 36.0, '22': 34.5, '23': 33.0, '24': 31.5, '25': 30.0, '26': 28.5, '27': 27.0, '28': 25.5, '29': 24.0, '30': 22.5, '31': 21.0, '32': 19.5, '33': 18.0, '34': 16.5, '35': 15.0, '36': 13.5, '37': 12.0, '38': 10.5, '39': 9.0, '40': 7.5, '41': 6.0, '42': 4.5, '43': 3.0, '44': 1.5, '45': 0.0, '46': 1.5}

Número de iteraciones: 42

Tiempo de ejecución: 1.396636724472046 s

Política final: 

[['→' '→' '↓']
 ['→' '→' '↓']
 ['→' '→' '↓']
 ['→' '→' '↓']
 ['→' '→' '↓']
 ['→' '→' '↓']
 ['→' '→' '↓']
 ['→' '→' '↓']
 ['→' '→' '↓']
 ['→' '→' '↓']
 ['→' '→' '↓']
 ['→' '→' '↓']
 ['→' '→' '↓']
 ['→' '→' '↓']
 ['→' '→' '↑']]

Detalle de las iteraciones
-------------------------

Tabla de valores por cada iteración:

[66.  64.5 63.  61.5 60.  58.5 57.  55.5 54.  52.5 51.  49.5 48.  46.5 45.  43.5 42.  40.5 39.  37.5 36.  34.5 33.  31.5 30.  28.5 27.  25.5 24.  22.5 21.  19.5 18.  16.5 15.  13.5 12.  10.5  9.   7.5  6.   4.5  3.   1.5  0.   1.5]
[56.35       41.842      38.6578     51.715      29.84019143 27.85617229 47.5435     20.56869449 19.51182504 43.78915    13.87293967 13.4856457  40.15        9.34954873  9.41459385 36.1         6.48783354  6.83905019 32.05        4.78691296  5.30822166 28.          3.82911083  4.44619975
 23.95        3.30826274  3.97743647 19.9         3.02422368  3.72180131 15.85        2.8595262   3.57357358 11.8         2.75203132  3.47682819  7.75        2.67195091  3.40475582  3.7         2.35        1.          2.35        2.08        0.          2.35      ]
[38.6578     22.90793783 21.61714405 27.85617229 15.52973896 14.97676506 19.51182504 10.52260407 10.47034367 13.4856457   7.3447273   7.61025457  9.41459385  5.45583155  5.91024839  6.83905019  4.39960126  4.95964113  5.30822166  3.83765129  4.45388616  4.44619975  3.54621823  4.19159641
  3.97743647  3.39239489  4.0531554   3.72180131  3.30498048  3.97448244  3.57357358  3.24939333  3.92445399  3.47682819  3.21020548  3.88918494  3.40475582  3.115       1.9         3.115       2.81992857  1.          2.872       2.692       0.          3.115     ]
[21.61714405 12.74211205 12.46790085 14.97676506  8.85125306  8.96612776 10.47034367  6.52261041  6.87034937  7.61025457  5.21803106  5.69622796  5.91024839  4.53021728  5.07719556  4.95964113  4.18444047  4.76599642  4.45388616  4.01418091  4.61276282  4.19159641  3.9283277   4.53549493
  4.0531554   3.8816634   4.49349706  3.97448244  3.85360951  4.46824856  3.92445399  3.83532583  4.45179325  3.88918494  3.8035      2.71        3.8035      3.49107143  1.9         3.53793571  3.34122143  1.          3.4228      3.2428      0.          3.8035    ]
[12.46790085  8.0575322   8.25177898  8.96612776  6.27602952  6.64842657  6.87034937  5.3324914   5.79924226  5.69622796  4.86229487  5.37606539  5.07719556  4.63865346  5.17478812  4.76599642  4.53420894  5.08078804  4.61276282  4.48413725  5.03572352  4.53549493  4.45832353  5.01249118
  4.49349706  4.44376648  4.99938984  4.46824856  4.43501649  4.99151484  4.45179325  4.42315     3.439       4.42315     4.09978643  2.71        4.14196429  3.93367857  1.9         4.00709929  3.810385    1.          3.91852     3.73852     0.          4.42315   ]
[8.25177898 6.31490826 6.68341743 6.64842657 5.60048621 6.04043759 5.79924226 5.26314242 5.73682818 5.37606539 5.11106066 5.5999546  5.17478812 5.04366263 5.53929636 5.08078804 5.01298399 5.51168559 5.03572352 4.99801978 5.4982178  5.01249118 4.99011242 5.49110118 4.99938984 4.98571721 5.48714549
 4.99151484 4.980835   4.0951     4.980835   4.65184771 3.439      4.68980779 4.47423207 2.71       4.54031071 4.332025   1.9        4.4293465  4.23263221 1.         4.364668   4.184668   0.         4.980835  ]
[6.68341743 5.92890037 6.33601033 6.04043759 5.67512384 6.10761146 5.73682818 5.566468   6.0098212  5.5999546  5.52071734 5.9686456  5.53929636 5.50093864 5.95084478 5.51168559 5.49181033 5.9426293  5.4982178  5.48728418 5.93855576 5.49110118 5.4849485  5.93645365 5.48714549 5.4827515  4.68559
 5.4827515  5.15249888 4.0951     5.18666294 4.96733809 3.439      5.02680886 4.81123315 2.71       4.8988225  4.69053679 1.9        4.80936899 4.61265471 1.         4.7662012  4.5862012  0.         5.4827515 ]
[6.33601033 6.07298444 6.46568599 6.10761146 5.99152316 6.39237085 6.0098212  5.95888296 6.36299466 5.9686456  5.94546658 6.35091992 5.95084478 5.93960106 6.34564096 5.9426293  5.93686572 6.34317915 5.93855576 5.93554974 6.34199477 5.93645365 5.93447635 5.217031   5.93447635 5.60650133 4.68559
 5.63724899 5.41708058 4.0951     5.47060428 5.25127942 3.439      5.33010984 5.11453412 2.71       5.22148311 5.01319739 1.9        5.15138924 4.95467495 1.         5.12758108 4.94758108 0.         5.93447635]
[6.46568599 6.38210242 6.74389218 6.39237085 6.35766008 6.72189407 6.36299466 6.34809386 6.71328448 6.35091992 6.34412551 6.70971295 6.34564096 6.34238042 6.70814237 6.34317915 6.34159454 6.70743509 6.34199477 6.34102872 5.6953279  6.34102872 6.01817831 5.217031   6.0458512  5.82720119 4.68559
 5.87537252 5.6552041  4.0951     5.72615148 5.50682662 3.439      5.60308071 5.38750499 2.71       5.51187765 5.30359194 1.9        5.45920746 5.26249317 1.         5.45282297 5.27282297 0.         6.34102872]
[6.74389218 6.71890042 7.04701038 6.72189407 6.71174024 7.04056621 6.71328448 6.70891664 7.03802497 6.70971295 6.70774266 7.03696839 6.70814237 6.70724594 7.03652135 6.70743509 6.70692584 6.12579511 6.70692584 6.39145487 5.6953279  6.41636048 6.20112687 5.217031   6.24448107 6.02583106 4.68559
 6.08968369 5.86951528 4.0951     5.95614396 5.7368191  3.439      5.84875449 5.63317878 2.71       5.77323275 5.56494703 1.9        5.73624385 5.53952957 1.         5.74554067 5.56554067 0.         6.70692584]
[7.04701038 7.03969962 7.33572966 7.04056621 7.03758984 7.33383086 7.03802497 7.03675835 7.33308252 7.03696839 7.03642669 7.33278402 7.03652135 7.03623326 6.5132156  7.03623326 6.72989434 6.12579511 6.75230939 6.54199541 5.6953279  6.58101418 6.36578058 5.217031   6.42324795 6.20459794 4.68559
 6.28256375 6.06239534 4.0951     6.16313719 5.94381233 3.439      6.0698609  5.85428519 2.71       6.00845233 5.80016661 1.9        5.98557661 5.78886232 1.         6.00898661 5.82898661 0.         7.03623326]
[7.33572966 7.33358667 7.60022801 7.33383086 7.33296775 7.59967097 7.33308252 7.33273428 7.59946085 7.33278402 7.33260993 6.86189404 7.33260993 7.03673137 6.5132156  7.05690491 6.85267897 6.12579511 6.88779587 6.67748189 5.6953279  6.72920252 6.51396892 5.217031   6.58413815 6.36548814 4.68559
 6.4561558  6.23598739 4.0951     6.3494311  6.13010624 3.439      6.26885667 6.05328096 2.71       6.22014995 6.01186424 1.9        6.20997609 6.01326181 1.         6.24608795 6.06608795 0.         7.33260993]
[7.60022801 7.59960657 7.83964591 7.59967097 7.59943367 7.83949031 7.59946085 7.59934894 7.17570464 7.59934894 7.31490205 6.86189404 7.33305823 7.13580586 6.5132156  7.16741107 6.96318513 6.12579511 7.0097337  6.79941972 5.6953279  6.86257202 6.64733842 5.217031   6.72893932 6.51028931 4.68559
 6.61238865 6.39222024 4.0951     6.51709562 6.29777076 3.439      6.44795286 6.23237715 2.71       6.41067781 6.2023921  1.9        6.41193563 6.21522134 1.         6.45947915 6.27947915 0.         7.59934894]
[7.83964591 7.83947505 8.05552755 7.83949031 7.83941405 7.45813417 7.83941405 7.56707128 7.17570464 7.58341184 7.39378058 6.86189404 7.42222527 7.2249729  6.5132156  7.26686661 7.06264067 6.12579511 7.11947775 6.90916377 5.6953279  6.98260458 6.76737097 5.217031   6.85926038 6.64061037 4.68559
 6.75299821 6.5328298  4.0951     6.66799369 6.44866883 3.439      6.60913943 6.39356372 2.71       6.58215289 6.37386718 1.9        6.59369921 6.39698492 1.         6.65153124 6.47153124 0.         7.83941405]
[8.05552755 8.05547264 7.71232075 8.05547264 7.79565764 7.45813417 7.81036415 7.62880231 7.17570464 7.65440253 7.46477127 6.86189404 7.50247561 7.30522323 6.5132156  7.3563766  7.15215066 6.12579511 7.21824739 7.00793341 5.6953279  7.09063388 6.87540027 5.217031   6.97654933 6.75789932 4.68559
 6.87954682 6.6593784  4.0951     6.80380195 6.58447709 3.439      6.75420734 6.53863163 2.71       6.73648046 6.52819474 1.9        6.75728643 6.56057214 1.         6.82437811 6.64437811 0.         8.05547264]
[8.24992538 8.00285602 7.71232075 8.01609188 7.84288188 7.45813417 7.86592208 7.68436023 7.17570464 7.71829414 7.52866288 6.86189404 7.57470091 7.37744854 6.5132156  7.43693559 7.23270965 6.12579511 7.30714007 7.09682609 5.6953279  7.18786024 6.97262664 5.217031   7.08210939 6.86345938 4.68559
 6.99344056 6.77327215 4.0951     6.92602938 6.70670452 3.439      6.88476847 6.66919275 2.71       6.87537527 6.66708956 1.9        6.90451493 6.70780064 1.         6.9799403  6.7999403  0.         8.24992538]
[8.20257042 8.03785751 7.71232075 8.05859369 7.88538369 7.45813417 7.91592421 7.73436236 7.17570464 7.77579659 7.58616533 6.86189404 7.63970368 7.44245131 6.5132156  7.50943868 7.30521274 6.12579511 7.38714348 7.1768295  5.6953279  7.27536397 7.06013037 5.217031   7.17711344 6.95846343 4.68559
 7.09594493 6.87577652 4.0951     7.03603407 6.81670921 3.439      7.00227348 6.78669776 2.71       7.0003806  6.79209489 1.9        7.03702058 6.84030629 1.         7.11994627 6.93994627 0.         8.42493284]
[8.23407176 8.06935885 7.71232075 8.09684532 7.92363532 7.45813417 7.96092613 7.77936428 7.17570464 7.8275488  7.63791754 6.86189404 7.69820618 7.5009538  6.5132156  7.57469147 7.37046552 6.12579511 7.45914655 7.24883257 5.6953279  7.35411733 7.13888373 5.217031   7.26261708 7.04396707 4.68559
 7.18819887 6.96803045 4.0951     7.13503829 6.91571343 3.439      7.10802799 6.89245227 2.71       7.1128854  6.90459968 1.9        7.15627566 6.95956138 1.         7.24595164 7.06595164 0.         8.58243956]
[8.26242297 8.09771006 7.71232075 8.13127179 7.95806179 7.45813417 8.00142785 7.81986601 7.17570464 7.87412578 7.68449452 6.86189404 7.75085842 7.55360605 6.5132156  7.63341897 7.42919303 6.12579511 7.52394931 7.31363533 5.6953279  7.42499535 7.20976175 5.217031   7.33957037 7.12092035 4.68559
 7.27122741 7.05105899 4.0951     7.22414209 7.00481723 3.439      7.20320705 6.98763133 2.71       7.21413971 7.005854   1.9        7.26360524 7.06689095 1.         7.35935648 7.17935648 0.         8.7241956 ]
[8.28793906 8.12322615 7.71232075 8.16225561 7.98904561 7.45813417 8.03787941 7.85631756 7.17570464 7.91604507 7.72641381 6.86189404 7.79824544 7.60099307 6.5132156  7.68627373 7.48204778 6.12579511 7.5822718  7.37195782 5.6953279  7.48878557 7.27355197 5.217031   7.40882832 7.19017831 4.68559
 7.34595309 7.12578468 4.0951     7.30433551 7.08501065 3.439      7.2888682  7.07329248 2.71       7.3052686  7.09698289 1.9        7.36020186 7.16348757 1.         7.46142083 7.28142083 0.         8.85177604]
[8.31090354 8.14619063 7.71232075 8.19014105 8.01693105 7.45813417 8.07068581 7.88912396 7.17570464 7.95377243 7.76414117 6.86189404 7.84089376 7.64364139 6.5132156  7.733843   7.52961706 6.12579511 7.63476204 7.42444806 5.6953279  7.54619677 7.33096317 5.217031   7.47116048 7.25251047 4.68559
 7.41320621 7.1930378  4.0951     7.37650959 7.15718473 3.439      7.36596324 7.15038752 2.71       7.3872846  7.17899888 1.9        7.44713882 7.25042453 1.         7.55327875 7.37327875 0.         8.96659844]
[8.33157157 8.16685866 7.71232075 8.21523794 8.04202794 7.45813417 8.10021157 7.91864972 7.17570464 7.98772705 7.79809579 6.86189404 7.87927725 7.68202487 6.5132156  7.77665535 7.57242941 6.12579511 7.68200325 7.47168927 5.6953279  7.59786685 7.38263325 5.217031   7.52725942 7.30860941 4.68559
 7.47373402 7.2535656  4.0951     7.44146626 7.2221414  3.439      7.43534877 7.21977305 2.71       7.46109899 7.25281328 1.9        7.52538208 7.32866779 1.         7.63595087 7.45595087 0.         9.06993859]
[8.3501728  8.18545989 7.71232075 8.23782515 8.06461515 7.45813417 8.12678475 7.9452229  7.17570464 8.01828621 7.82865495 6.86189404 7.91382239 7.71657001 6.5132156  7.81518647 7.61096053 6.12579511 7.72452035 7.51420637 5.6953279  7.64436992 7.42913632 5.217031   7.57774847 7.35909846 4.68559
 7.52820904 7.30804063 4.0951     7.49992726 7.2806024  3.439      7.49779575 7.28222004 2.71       7.52753195 7.31924624 1.9        7.59580101 7.39908673 1.         7.71035579 7.53035579 0.         9.16294473]
[8.3669139  8.202201   7.71232075 8.25815363 8.08494363 7.45813417 8.15070061 7.96913877 7.17570464 8.04578946 7.8561582  6.86189404 7.94491301 7.74766064 6.5132156  7.84986447 7.64563853 6.12579511 7.76278573 7.55247175 5.6953279  7.68622268 7.47098908 5.217031   7.62318861 7.4045386  4.68559
 7.57723657 7.35706815 4.0951     7.55254216 7.33321731 3.439      7.55399803 7.33842232 2.71       7.58732161 7.3790359  1.9        7.65917805 7.46246377 1.         7.77732021 7.59732021 0.         9.24665026]
[8.3819809  8.21726799 7.71232075 8.27644927 8.10323927 7.45813417 8.17222489 7.99066305 7.17570464 8.07054238 7.88091112 6.86189404 7.97289457 7.7756422  6.5132156  7.88107468 7.67684873 6.12579511 7.79722457 7.5869106  5.6953279  7.72389017 7.50865657 5.217031   7.66408474 7.44543473 4.68559
 7.62136134 7.40119292 4.0951     7.59989558 7.38057072 3.439      7.60458009 7.38900437 2.71       7.64113231 7.4328466  1.9        7.71621739 7.51950311 1.         7.83758819 7.65758819 0.         9.32198523]
[8.39554119 8.23082829 7.71232075 8.29291534 8.11970534 7.45813417 8.19159674 8.0100349  7.17570464 8.09282001 7.90318875 6.86189404 7.99807798 7.8008256  6.5132156  7.90916386 7.70493792 6.12579511 7.82821954 7.61790556 5.6953279  7.75779091 7.54255731 5.217031   7.70089125 7.48224124 4.68559
 7.66107363 7.44090522 4.0951     7.64251365 7.42318879 3.439      7.65010393 7.43452822 2.71       7.68956194 7.48127622 1.9        7.7675528  7.57083851 1.         7.89182937 7.71182937 0.         9.38978671]
[8.40774546 8.24303255 7.71232075 8.30773481 8.13452481 7.45813417 8.20903141 8.02746956 7.17570464 8.11286987 7.92323861 6.86189404 8.02074304 7.82349067 6.5132156  7.93444412 7.73021818 6.12579511 7.856115   7.64580102 5.6953279  7.78830157 7.57306797 5.217031   7.73401712 7.51536711 4.68559
 7.69681469 7.47664628 4.0951     7.68086991 7.46154505 3.439      7.6910754  7.47549968 2.71       7.7331486  7.52486289 1.9        7.81375466 7.61704037 1.         7.94064643 7.76064643 0.         9.45080804]
[8.4187293  8.25401639 7.71232075 8.32107233 8.14786233 7.45813417 8.22472261 8.04316076 7.17570464 8.13091475 7.94128349 6.86189404 8.0411416  7.84388923 6.5132156  7.95719636 7.75297042 6.12579511 7.88122092 7.67090694 5.6953279  7.81576117 7.60052757 5.217031   7.7638304  7.54518038 4.68559
 7.72898165 7.50881324 4.0951     7.71539055 7.49606569 3.439      7.72794972 7.512374   2.71       7.7723766  7.56409088 1.9        7.85533634 7.65862205 1.         7.98458179 7.80458179 0.         9.50572724]
[8.42861475 8.26390185 7.71232075 8.3330761  8.1598661  7.45813417 8.23884469 8.05728284 7.17570464 8.14715514 7.95752388 6.86189404 8.0595003  7.86224793 6.5132156  7.97767338 7.77344743 6.12579511 7.90381624 7.69350227 5.6953279  7.84047481 7.62524121 5.217031   7.79066235 7.57201234 4.68559
 7.75793191 7.5377635  4.0951     7.74645912 7.52713426 3.439      7.7611366  7.54556089 2.71       7.80768179 7.59939608 1.9        7.89275984 7.69604556 1.         8.02412361 7.84412361 0.         9.55515451]
[8.43751166 8.27279876 7.71232075 8.34387949 8.17066949 7.45813417 8.25155456 8.06999271 7.17570464 8.16177149 7.97214023 6.86189404 8.07602314 7.87877076 6.5132156  7.99610269 7.79187675 6.12579511 7.92415204 7.71383806 5.6953279  7.86271709 7.64748348 5.217031   7.8148111  7.59616109 4.68559
 7.78398715 7.56381874 4.0951     7.77442084 7.55509598 3.439      7.7910048  7.57542908 2.71       7.83945647 7.63117076 1.9        7.926441   7.72972672 1.         8.05971125 7.87971125 0.         9.59963906]
[8.44551888 8.28080597 7.71232075 8.35360254 8.18039254 7.45813417 8.26299344 8.0814316  7.17570464 8.17492621 7.98529495 6.86189404 8.09089369 7.89364131 6.5132156  8.01268907 7.80846313 6.12579511 7.94245425 7.73214027 5.6953279  7.88273513 7.66750153 5.217031   7.83654498 7.61789497 4.68559
 7.80743686 7.58726845 4.0951     7.79958638 7.58026153 3.439      7.81788618 7.60231046 2.71       7.86805368 7.65976797 1.9        7.95675405 7.76003976 1.         8.09174012 7.91174012 0.         9.63967515]
[8.45272538 8.28801247 7.71232075 8.36235328 8.18914328 7.45813417 8.27328844 8.09172659 7.17570464 8.18676545 7.99713419 6.86189404 8.10427718 7.9070248  6.5132156  8.02761682 7.82339087 6.12579511 7.95892625 7.74861227 5.6953279  7.90075137 7.68551777 5.217031   7.85610547 7.63745546 4.68559
 7.8285416  7.60837319 4.0951     7.82223537 7.60291052 3.439      7.84207941 7.6265037  2.71       7.89379117 7.68550546 1.9        7.98403578 7.7873215  1.         8.12056611 7.94056611 0.         9.67570764]
[8.45921122 8.29449832 7.71232075 8.37022896 8.19701896 7.45813417 8.28255393 8.10099209 7.17570464 8.19742077 8.00778951 6.86189404 8.11632232 7.91906995 6.5132156  8.04105179 7.83682584 6.12579511 7.97375104 7.76343706 5.6953279  7.91696599 7.70173239 5.217031   7.87370992 7.6550599  4.68559
 7.84753587 7.62736746 4.0951     7.84261946 7.62329461 3.439      7.86385333 7.64827762 2.71       7.91695491 7.7086692  1.9        8.00858935 7.81187506 1.         8.1465095  7.9665095  0.         9.70813688]
[8.46504849 8.30033558 7.71232075 8.37731706 8.20410706 7.45813417 8.29089288 8.10933103 7.17570464 8.20701056 8.0173793  6.86189404 8.12716295 7.92991058 6.5132156  8.05314326 7.84891731 6.12579511 7.98709335 7.77677937 5.6953279  7.93155915 7.71632554 5.217031   7.88955391 7.6709039  4.68559
 7.86463071 7.6444623  4.0951     7.86096515 7.64164029 3.439      7.88344985 7.66787414 2.71       7.93780228 7.72951656 1.9        8.03068756 7.83397327 1.         8.16985855 7.98985855 0.         9.73732319]
[8.47030202 8.30558912 7.71232075 8.38369635 8.21048635 7.45813417 8.29839793 8.11683609 7.17570464 8.21564137 8.02601011 6.86189404 8.13691952 7.93966715 6.5132156  8.06402558 7.85979964 6.12579511 7.99910144 7.78878746 5.6953279  7.94469299 7.72945938 5.217031   7.90381351 7.6851635  4.68559
 7.88001607 7.65984765 4.0951     7.87747626 7.6581514  3.439      7.90108673 7.68551101 2.71       7.95656491 7.74827919 1.9        8.05057594 7.85386166 1.         8.1908727  8.0108727  0.         9.76359087]
[8.47503021 8.3103173  7.71232075 8.38943772 8.21622772 7.45813417 8.30515248 8.12359063 7.17570464 8.2234091  8.03377784 6.86189404 8.14570043 7.94844806 6.5132156  8.07381968 7.86959373 6.12579511 8.00990871 7.79959473 5.6953279  7.95651345 7.74127984 5.217031   7.91664715 7.69799714 4.68559
 7.89386289 7.67369447 4.0951     7.89233626 7.67301141 3.439      7.91695991 7.7013842  2.71       7.97345127 7.76516556 1.9        8.06847549 7.87176121 1.         8.20978543 8.02978543 0.         9.78723178]
[8.47928557 8.31457266 7.71232075 8.39460495 8.22139495 7.45813417 8.31123157 8.12966972 7.17570464 8.23040006 8.0407688  6.86189404 8.15360325 7.95635088 6.5132156  8.08263436 7.87840842 6.12579511 8.01963526 7.80932128 5.6953279  7.96715186 7.75191825 5.217031   7.92819742 7.70954741 4.68559
 7.90632503 7.68615661 4.0951     7.90571027 7.68638541 3.439      7.93124578 7.71567006 2.71       7.988649   7.78036329 1.9        8.08458509 7.8878708  1.         8.22680688 8.04680688 0.         9.8085086 ]
[8.4831154  8.31840249 7.71232075 8.39925545 8.22604545 7.45813417 8.31670275 8.13514091 7.17570464 8.23669192 8.04706066 6.86189404 8.16071579 7.96346342 6.5132156  8.09056757 7.88634163 6.12579511 8.02838915 7.81807517 5.6953279  7.97672643 7.76149282 5.217031   7.93859267 7.71994266 4.68559
 7.91754095 7.69737254 4.0951     7.91774687 7.69842201 3.439      7.94410306 7.72852734 2.71       8.00232696 7.79404125 1.9        8.09908372 7.90236943 1.         8.24212619 8.06212619 0.         9.82765774]
[8.48656224 8.32184934 7.71232075 8.40344091 8.23023091 7.45813417 8.32162682 8.14006497 7.17570464 8.24235459 8.05272333 6.86189404 8.16711707 7.9698647  6.5132156  8.09770747 7.89348152 6.12579511 8.03626765 7.82595367 5.6953279  7.98534354 7.77010993 5.217031   7.94794839 7.72929838 4.68559
 7.92763528 7.70746687 4.0951     7.92857981 7.70925495 3.439      7.95567461 7.74009889 2.71       8.01463712 7.80635141 1.9        8.11213249 7.91541821 1.         8.25591358 8.07591358 0.         9.84489197]
[8.4896644  8.3249515  7.71232075 8.40720782 8.23399782 7.45813417 8.32605847 8.14449663 7.17570464 8.247451   8.05781974 6.86189404 8.17287823 7.97562585 6.5132156  8.10413337 7.89990743 6.12579511 8.04335831 7.83304433 5.6953279  7.99309894 7.77786534 5.217031   7.95636854 7.73771853 4.68559
 7.93672018 7.71655177 4.0951     7.93832946 7.7190046  3.439      7.966089   7.75051329 2.71       8.02571627 7.81743055 1.9        8.12387638 7.9271621  1.         8.26832222 8.08832222 0.         9.86040277]
[8.49245635 8.32774344 7.71232075 8.41059803 8.23738803 7.45813417 8.33004697 8.14848512 7.17570464 8.25203776 8.0624065  6.86189404 8.17806327 7.98081089 6.5132156  8.10991669 7.90569074 6.12579511 8.04973989 7.83942591 5.6953279  8.0000788  7.7848452  5.217031   7.96394668 7.74529667 4.68559
 7.94489659 7.72472818 4.0951     7.94710414 7.72777928 3.439      7.97546196 7.75988625 2.71       8.0356875  7.82740178 1.9        8.13444589 7.9377316  1.         8.27949    8.09949    0.         9.87436249]
[8.4949691  8.33025619 7.71232075 8.41364923 8.24043923 7.45813417 8.33363661 8.15207476 7.17570464 8.25616585 8.06653459 6.86189404 8.1827298  7.98547743 6.5132156  8.11512167 7.91089572 6.12579511 8.05548332 7.84516934 5.6953279  8.00636068 7.79112707 5.217031   7.970767   7.75211699 4.68559
 7.95225536 7.73208694 4.0951     7.95500135 7.7356765  3.439      7.98389762 7.76832191 2.71       8.0446616  7.83637589 1.9        8.14395844 7.94724416 1.         8.289541   8.109541   0.         9.88692625]
[8.49723057 8.33251767 7.71232075 8.41639531 8.24318531 7.45813417 8.33686729 8.15530544 7.17570464 8.25988113 8.07024987 6.86189404 8.18692969 7.98967731 6.5132156  8.11980615 7.91558021 6.12579511 8.06065241 7.85033843 5.6953279  8.01201437 7.79678076 5.217031   7.97690529 7.75825528 4.68559
 7.95887825 7.73870984 4.0951     7.96210885 7.74278399 3.439      7.99148972 7.775914   2.71       8.0527383  7.84445259 1.9        8.15251974 7.95580546 1.         8.2985869  8.1185869  0.         9.89823362]

Tabla de direcciones por cada iteración:

['↓' '←' '←' '↑' '↑' '←' '↑' '↑' '←' '↑' '↑' '←' '↓' '↑' '←' '↓' '↑' '←' '↓' '↑' '←' '↓' '↑' '←' '↓' '↑' '←' '↓' '↑' '←' '↓' '↑' '←' '↓' '↑' '←' '↓' '↑' '←' '↓' '↓' '↓' '→' '→' '↑' '↑']
['→' '↓' '←' '→' '↓' '←' '→' '↓' '←' '→' '↓' '←' '→' '↓' '←' '→' '↓' '←' '→' '↓' '←' '→' '↓' '←' '→' '↓' '←' '→' '↓' '←' '→' '↓' '←' '→' '↓' '←' '→' '↓' '↓' '↓' '→' '↓' '→' '→' '↑' '↑']
['→' '↓' '←' '→' '↓' '←' '→' '↓' '←' '→' '↓' '←' '→' '↓' '←' '→' '↓' '←' '→' '↓' '←' '→' '↓' '←' '→' '↓' '←' '→' '↓' '←' '→' '↓' '←' '→' '↓' '↓' '↓' '→' '↓' '→' '→' '↓' '→' '→' '↑' '↑']
['→' '↓' '←' '→' '↓' '←' '→' '↓' '←' '→' '↓' '←' '→' '↓' '←' '→' '↓' '←' '→' '↓' '←' '→' '↓' '←' '→' '↓' '←' '→' '↓' '←' '→' '↓' '↓' '↓' '→' '↓' '→' '→' '↓' '→' '→' '↓' '→' '→' '↑' '↑']
['→' '↓' '←' '→' '↓' '←' '→' '↓' '←' '→' '↓' '←' '→' '↓' '←' '→' '↓' '←' '→' '↓' '←' '→' '↓' '←' '→' '↓' '←' '→' '↓' '↓' '↓' '→' '↓' '→' '→' '↓' '→' '→' '↓' '→' '→' '↓' '→' '→' '↑' '↑']
['→' '↓' '←' '→' '↓' '←' '→' '↓' '←' '→' '↓' '←' '→' '↓' '←' '→' '↓' '←' '→' '↓' '←' '→' '↓' '←' '→' '↓' '↓' '↓' '→' '↓' '→' '→' '↓' '→' '→' '↓' '→' '→' '↓' '→' '→' '↓' '→' '→' '↑' '↑']
['→' '↓' '←' '→' '↓' '←' '→' '↓' '←' '→' '↓' '←' '→' '↓' '←' '→' '↓' '←' '→' '↓' '←' '→' '↓' '↓' '↓' '→' '↓' '→' '→' '↓' '→' '→' '↓' '→' '→' '↓' '→' '→' '↓' '→' '→' '↓' '→' '→' '↑' '↑']
['→' '↓' '←' '→' '↓' '←' '→' '↓' '←' '→' '↓' '←' '→' '↓' '←' '→' '↓' '←' '→' '↓' '↓' '↓' '→' '↓' '→' '→' '↓' '→' '→' '↓' '→' '→' '↓' '→' '→' '↓' '→' '→' '↓' '→' '→' '↓' '→' '→' '↑' '↑']
['→' '↓' '←' '→' '↓' '←' '→' '↓' '←' '→' '↓' '←' '→' '↓' '←' '→' '↓' '↓' '↓' '→' '↓' '→' '→' '↓' '→' '→' '↓' '→' '→' '↓' '→' '→' '↓' '→' '→' '↓' '→' '→' '↓' '→' '→' '↓' '→' '→' '↑' '↑']
['→' '↓' '←' '→' '↓' '←' '→' '↓' '←' '→' '↓' '←' '→' '↓' '↓' '↓' '→' '↓' '→' '→' '↓' '→' '→' '↓' '→' '→' '↓' '→' '→' '↓' '→' '→' '↓' '→' '→' '↓' '→' '→' '↓' '→' '→' '↓' '→' '→' '↑' '↑']
['→' '↓' '←' '→' '↓' '←' '→' '↓' '←' '→' '↓' '↓' '↓' '→' '↓' '→' '→' '↓' '→' '→' '↓' '→' '→' '↓' '→' '→' '↓' '→' '→' '↓' '→' '→' '↓' '→' '→' '↓' '→' '→' '↓' '→' '→' '↓' '→' '→' '↑' '↑']
['→' '↓' '←' '→' '↓' '←' '→' '↓' '↓' '↓' '→' '↓' '→' '→' '↓' '→' '→' '↓' '→' '→' '↓' '→' '→' '↓' '→' '→' '↓' '→' '→' '↓' '→' '→' '↓' '→' '→' '↓' '→' '→' '↓' '→' '→' '↓' '→' '→' '↑' '↑']
['→' '↓' '←' '→' '↓' '↓' '↓' '→' '↓' '→' '→' '↓' '→' '→' '↓' '→' '→' '↓' '→' '→' '↓' '→' '→' '↓' '→' '→' '↓' '→' '→' '↓' '→' '→' '↓' '→' '→' '↓' '→' '→' '↓' '→' '→' '↓' '→' '→' '↑' '↑']
['→' '↓' '↓' '↓' '→' '↓' '→' '→' '↓' '→' '→' '↓' '→' '→' '↓' '→' '→' '↓' '→' '→' '↓' '→' '→' '↓' '→' '→' '↓' '→' '→' '↓' '→' '→' '↓' '→' '→' '↓' '→' '→' '↓' '→' '→' '↓' '→' '→' '↑' '↑']
['↓' '→' '↓' '→' '→' '↓' '→' '→' '↓' '→' '→' '↓' '→' '→' '↓' '→' '→' '↓' '→' '→' '↓' '→' '→' '↓' '→' '→' '↓' '→' '→' '↓' '→' '→' '↓' '→' '→' '↓' '→' '→' '↓' '→' '→' '↓' '→' '→' '↑' '↑']
['→' '→' '↓' '→' '→' '↓' '→' '→' '↓' '→' '→' '↓' '→' '→' '↓' '→' '→' '↓' '→' '→' '↓' '→' '→' '↓' '→' '→' '↓' '→' '→' '↓' '→' '→' '↓' '→' '→' '↓' '→' '→' '↓' '→' '→' '↓' '→' '→' '↑' '↑']
['→' '→' '↓' '→' '→' '↓' '→' '→' '↓' '→' '→' '↓' '→' '→' '↓' '→' '→' '↓' '→' '→' '↓' '→' '→' '↓' '→' '→' '↓' '→' '→' '↓' '→' '→' '↓' '→' '→' '↓' '→' '→' '↓' '→' '→' '↓' '→' '→' '↑' '↑']
['→' '→' '↓' '→' '→' '↓' '→' '→' '↓' '→' '→' '↓' '→' '→' '↓' '→' '→' '↓' '→' '→' '↓' '→' '→' '↓' '→' '→' '↓' '→' '→' '↓' '→' '→' '↓' '→' '→' '↓' '→' '→' '↓' '→' '→' '↓' '→' '→' '↑' '↑']
['→' '→' '↓' '→' '→' '↓' '→' '→' '↓' '→' '→' '↓' '→' '→' '↓' '→' '→' '↓' '→' '→' '↓' '→' '→' '↓' '→' '→' '↓' '→' '→' '↓' '→' '→' '↓' '→' '→' '↓' '→' '→' '↓' '→' '→' '↓' '→' '→' '↑' '↑']
['→' '→' '↓' '→' '→' '↓' '→' '→' '↓' '→' '→' '↓' '→' '→' '↓' '→' '→' '↓' '→' '→' '↓' '→' '→' '↓' '→' '→' '↓' '→' '→' '↓' '→' '→' '↓' '→' '→' '↓' '→' '→' '↓' '→' '→' '↓' '→' '→' '↑' '↑']
['→' '→' '↓' '→' '→' '↓' '→' '→' '↓' '→' '→' '↓' '→' '→' '↓' '→' '→' '↓' '→' '→' '↓' '→' '→' '↓' '→' '→' '↓' '→' '→' '↓' '→' '→' '↓' '→' '→' '↓' '→' '→' '↓' '→' '→' '↓' '→' '→' '↑' '↑']
['→' '→' '↓' '→' '→' '↓' '→' '→' '↓' '→' '→' '↓' '→' '→' '↓' '→' '→' '↓' '→' '→' '↓' '→' '→' '↓' '→' '→' '↓' '→' '→' '↓' '→' '→' '↓' '→' '→' '↓' '→' '→' '↓' '→' '→' '↓' '→' '→' '↑' '↑']
['→' '→' '↓' '→' '→' '↓' '→' '→' '↓' '→' '→' '↓' '→' '→' '↓' '→' '→' '↓' '→' '→' '↓' '→' '→' '↓' '→' '→' '↓' '→' '→' '↓' '→' '→' '↓' '→' '→' '↓' '→' '→' '↓' '→' '→' '↓' '→' '→' '↑' '↑']
['→' '→' '↓' '→' '→' '↓' '→' '→' '↓' '→' '→' '↓' '→' '→' '↓' '→' '→' '↓' '→' '→' '↓' '→' '→' '↓' '→' '→' '↓' '→' '→' '↓' '→' '→' '↓' '→' '→' '↓' '→' '→' '↓' '→' '→' '↓' '→' '→' '↑' '↑']
['→' '→' '↓' '→' '→' '↓' '→' '→' '↓' '→' '→' '↓' '→' '→' '↓' '→' '→' '↓' '→' '→' '↓' '→' '→' '↓' '→' '→' '↓' '→' '→' '↓' '→' '→' '↓' '→' '→' '↓' '→' '→' '↓' '→' '→' '↓' '→' '→' '↑' '↑']
['→' '→' '↓' '→' '→' '↓' '→' '→' '↓' '→' '→' '↓' '→' '→' '↓' '→' '→' '↓' '→' '→' '↓' '→' '→' '↓' '→' '→' '↓' '→' '→' '↓' '→' '→' '↓' '→' '→' '↓' '→' '→' '↓' '→' '→' '↓' '→' '→' '↑' '↑']
['→' '→' '↓' '→' '→' '↓' '→' '→' '↓' '→' '→' '↓' '→' '→' '↓' '→' '→' '↓' '→' '→' '↓' '→' '→' '↓' '→' '→' '↓' '→' '→' '↓' '→' '→' '↓' '→' '→' '↓' '→' '→' '↓' '→' '→' '↓' '→' '→' '↑' '↑']
['→' '→' '↓' '→' '→' '↓' '→' '→' '↓' '→' '→' '↓' '→' '→' '↓' '→' '→' '↓' '→' '→' '↓' '→' '→' '↓' '→' '→' '↓' '→' '→' '↓' '→' '→' '↓' '→' '→' '↓' '→' '→' '↓' '→' '→' '↓' '→' '→' '↑' '↑']
['→' '→' '↓' '→' '→' '↓' '→' '→' '↓' '→' '→' '↓' '→' '→' '↓' '→' '→' '↓' '→' '→' '↓' '→' '→' '↓' '→' '→' '↓' '→' '→' '↓' '→' '→' '↓' '→' '→' '↓' '→' '→' '↓' '→' '→' '↓' '→' '→' '↑' '↑']
['→' '→' '↓' '→' '→' '↓' '→' '→' '↓' '→' '→' '↓' '→' '→' '↓' '→' '→' '↓' '→' '→' '↓' '→' '→' '↓' '→' '→' '↓' '→' '→' '↓' '→' '→' '↓' '→' '→' '↓' '→' '→' '↓' '→' '→' '↓' '→' '→' '↑' '↑']
['→' '→' '↓' '→' '→' '↓' '→' '→' '↓' '→' '→' '↓' '→' '→' '↓' '→' '→' '↓' '→' '→' '↓' '→' '→' '↓' '→' '→' '↓' '→' '→' '↓' '→' '→' '↓' '→' '→' '↓' '→' '→' '↓' '→' '→' '↓' '→' '→' '↑' '↑']
['→' '→' '↓' '→' '→' '↓' '→' '→' '↓' '→' '→' '↓' '→' '→' '↓' '→' '→' '↓' '→' '→' '↓' '→' '→' '↓' '→' '→' '↓' '→' '→' '↓' '→' '→' '↓' '→' '→' '↓' '→' '→' '↓' '→' '→' '↓' '→' '→' '↑' '↑']
['→' '→' '↓' '→' '→' '↓' '→' '→' '↓' '→' '→' '↓' '→' '→' '↓' '→' '→' '↓' '→' '→' '↓' '→' '→' '↓' '→' '→' '↓' '→' '→' '↓' '→' '→' '↓' '→' '→' '↓' '→' '→' '↓' '→' '→' '↓' '→' '→' '↑' '↑']
['→' '→' '↓' '→' '→' '↓' '→' '→' '↓' '→' '→' '↓' '→' '→' '↓' '→' '→' '↓' '→' '→' '↓' '→' '→' '↓' '→' '→' '↓' '→' '→' '↓' '→' '→' '↓' '→' '→' '↓' '→' '→' '↓' '→' '→' '↓' '→' '→' '↑' '↑']
['→' '→' '↓' '→' '→' '↓' '→' '→' '↓' '→' '→' '↓' '→' '→' '↓' '→' '→' '↓' '→' '→' '↓' '→' '→' '↓' '→' '→' '↓' '→' '→' '↓' '→' '→' '↓' '→' '→' '↓' '→' '→' '↓' '→' '→' '↓' '→' '→' '↑' '↑']
['→' '→' '↓' '→' '→' '↓' '→' '→' '↓' '→' '→' '↓' '→' '→' '↓' '→' '→' '↓' '→' '→' '↓' '→' '→' '↓' '→' '→' '↓' '→' '→' '↓' '→' '→' '↓' '→' '→' '↓' '→' '→' '↓' '→' '→' '↓' '→' '→' '↑' '↑']
['→' '→' '↓' '→' '→' '↓' '→' '→' '↓' '→' '→' '↓' '→' '→' '↓' '→' '→' '↓' '→' '→' '↓' '→' '→' '↓' '→' '→' '↓' '→' '→' '↓' '→' '→' '↓' '→' '→' '↓' '→' '→' '↓' '→' '→' '↓' '→' '→' '↑' '↑']
['→' '→' '↓' '→' '→' '↓' '→' '→' '↓' '→' '→' '↓' '→' '→' '↓' '→' '→' '↓' '→' '→' '↓' '→' '→' '↓' '→' '→' '↓' '→' '→' '↓' '→' '→' '↓' '→' '→' '↓' '→' '→' '↓' '→' '→' '↓' '→' '→' '↑' '↑']
['→' '→' '↓' '→' '→' '↓' '→' '→' '↓' '→' '→' '↓' '→' '→' '↓' '→' '→' '↓' '→' '→' '↓' '→' '→' '↓' '→' '→' '↓' '→' '→' '↓' '→' '→' '↓' '→' '→' '↓' '→' '→' '↓' '→' '→' '↓' '→' '→' '↑' '↑']
['→' '→' '↓' '→' '→' '↓' '→' '→' '↓' '→' '→' '↓' '→' '→' '↓' '→' '→' '↓' '→' '→' '↓' '→' '→' '↓' '→' '→' '↓' '→' '→' '↓' '→' '→' '↓' '→' '→' '↓' '→' '→' '↓' '→' '→' '↓' '→' '→' '↑' '↑']
['→' '→' '↓' '→' '→' '↓' '→' '→' '↓' '→' '→' '↓' '→' '→' '↓' '→' '→' '↓' '→' '→' '↓' '→' '→' '↓' '→' '→' '↓' '→' '→' '↓' '→' '→' '↓' '→' '→' '↓' '→' '→' '↓' '→' '→' '↓' '→' '→' '↑' '↑']
['→' '→' '↓' '→' '→' '↓' '→' '→' '↓' '→' '→' '↓' '→' '→' '↓' '→' '→' '↓' '→' '→' '↓' '→' '→' '↓' '→' '→' '↓' '→' '→' '↓' '→' '→' '↓' '→' '→' '↓' '→' '→' '↓' '→' '→' '↓' '→' '→' '↑' '↑']
