#### Algoritmo de Iteración de Política ###
------------------------------------------

Nodos inicializados:

{'1': 'N', '2': 'N', '3': 'N', '4': 'N', '5': 'W', '6': 'S', '7': 'S', '8': 'E', '9': 'W', '10': 'S', '11': 'S', '12': 'E', '13': 'W', '14': 'S', '15': 'S', '16': 'E', '17': 'W', '18': 'S', '19': 'S', '20': 'E', '21': 'W', '22': 'S', '23': 'S', '24': 'E', '25': 'W', '26': 'S', '27': 'S', '28': 'E', '29': 'W', '30': 'S', '31': 'S', '32': 'E', '33': 'W', '34': 'S', '35': 'S', '36': 'E', '37': 'S', '38': 'S', '39': 'S', '40': 'N', '41': 'N'}

Número de iteraciones: 9

Tiempo de ejecución: 0.2589855194091797 s

Política final:

[['→' '↓' '↓' '←']
 ['→' '↓' '↓' '↓']
 ['→' '→' '↓' '↓']
 ['→' '↓' '↓' '↓']
 ['→' '↓' '↓' '↓']
 ['→' '↓' '→' '↓']
 ['→' '↑' '→' '↓']
 ['↓' '→' '→' '↓']
 ['→' '↓' '→' '↓']
 ['→' '↓' '↓' '↑']]

Detalle de las iteraciones
-------------------------

Tabla de valores por cada iteración:

[58.5 57.  55.5 54.  52.5 51.  49.5 48.  46.5 45.  43.5 42.  40.5 39.  37.5 36.  34.5 33.  31.5 30.  28.5 27.  25.5 24.  22.5 21.  19.5 18.  16.5 15.  13.5 12.  10.5  9.   7.5  6.   4.5  3.   1.5  0.   1.5]
[43.5745     28.83655    24.5691055  23.11219495 31.6945     22.4501815  17.7881325  17.00931925 25.0525     16.18011798 12.10457668 11.89411902 19.2745     10.99816725  8.04445533  8.2400098  14.3605      7.35260195  5.56627496  6.00964746 10.3105      5.1660668   4.26958739  4.84262865
  7.1245      4.04430204  3.67411967  4.30670771  4.8025      3.49        3.4         4.06        3.3445      2.605       2.35        1.          3.2365      2.485       2.35        0.          2.35      ]
[20.08464702 14.98747706 11.61379681 12.23344681 15.00589556 10.07102213  8.24038189  9.34626552 10.80851547  7.26791462  6.06164884  7.23715086  7.85560758  5.50579681  4.85128994  5.91211465  6.08451411  4.55717347  4.26619462  5.18801254  5.17588466  4.11511066  4.00983602  4.65334726
  4.63987184  3.87502601  3.61825858  4.25643272  4.01005     3.3775      3.371875    1.9         3.3445      3.13795     3.115       1.          3.2365      3.12715     3.115       0.          3.115     ]
[10.61877288  6.87876842  6.91411742  7.22270568  7.15161491  5.99341916  5.95455365  6.35909829  5.82176614  5.1567325   4.93208846  5.43887961  5.16298499  4.62553888  4.45968093  5.01371284  4.8641988   4.29355422  4.24196965  4.81777268  4.7035996   4.11511066  4.00983602  4.60885242
  4.48752341  4.13353652  4.13961705  2.71        4.01005     3.86771875  3.947275    1.9         3.824155    3.8055655   3.8035      1.          3.814435    3.8045935   3.8035      0.          3.8035    ]
[6.75466952 6.19698452 5.64816936 6.15008586 6.07695332 5.51635022 5.24701958 5.72231762 5.64105925 5.1567325  4.84966761 5.36470085 5.16298499 4.70248091 4.6730777  5.20576993 4.8641988  4.57583922 4.52425465 5.07182918 4.7035996  4.55846497 4.56095799 3.439      4.72018287 4.67228844 4.4154955
 2.71       4.4417395  4.45909375 3.947275   1.9        4.42500895 4.4233359  4.3988995  1.         4.42413415 4.42324842 4.42315    0.         4.42315   ]
[6.27969446 5.86632718 5.64816936 6.08335242 5.9647152  5.51635022 5.29219285 5.76297357 5.64105925 5.25807144 5.14328801 5.6289592  5.23223282 5.06786786 5.03846465 5.53461819 5.1182553  5.04713934 5.04836092 4.0951     5.10261848 5.08298176 4.85059915 3.439      5.2050596  5.19857948 4.4154955
 2.71       4.98250806 4.86186625 4.3500475  1.9        4.98100231 4.98085173 4.3988995  1.         4.98092357 4.98084386 4.980835   0.         4.980835  ]
[6.27969446 5.86632718 5.64816936 6.08335242 5.9647152  5.51635022 5.29219285 5.76297357 5.64105925 5.25807144 5.14328801 5.6289592  5.23223282 5.06786786 5.03846465 4.68559    5.1182553  5.04713934 5.04836092 4.0951     5.10261848 5.08298176 4.85059915 3.439      5.2050596  5.19857948 4.4154955
 2.71       4.98250806 4.86186625 4.3500475  1.9        4.98100231 4.98085173 4.3988995  1.         4.98092357 4.98084386 4.980835   0.         4.980835  ]
[6.27969446 5.86632718 5.64816936 6.08335242 5.9647152  5.51635022 5.29219285 5.76297357 5.64105925 5.25807144 5.14328801 5.217031   5.23223282 5.06786786 5.03846465 4.68559    5.1182553  5.04713934 5.04836092 4.0951     5.10261848 5.08298176 4.85059915 3.439      5.2050596  5.19857948 4.4154955
 2.71       4.98250806 4.86186625 4.3500475  1.9        4.98100231 4.98085173 4.3988995  1.         4.98092357 4.98084386 4.980835   0.         4.980835  ]
[6.27969446 5.86632718 5.64816936 6.08335242 5.9647152  5.51635022 5.29219285 5.6953279  5.64105925 5.25807144 5.14328801 5.217031   5.23223282 5.06786786 5.03846465 4.68559    5.1182553  5.04713934 5.04836092 4.0951     5.10261848 5.08298176 4.85059915 3.439      5.2050596  5.19857948 4.4154955
 2.71       4.98250806 4.86186625 4.3500475  1.9        4.98100231 4.98085173 4.3988995  1.         4.98092357 4.98084386 4.980835   0.         4.980835  ]
[6.27969446 5.86632718 5.64816936 6.08335242 5.9647152  5.51635022 5.29219285 5.6953279  5.64105925 5.25807144 5.14328801 5.217031   5.23223282 5.06786786 5.03846465 4.68559    5.1182553  5.04713934 5.04836092 4.0951     5.10261848 5.08298176 4.85059915 3.439      5.2050596  5.19857948 4.4154955
 2.71       4.98250806 4.86186625 4.3500475  1.9        4.98100231 4.98085173 4.3988995  1.         4.98092357 4.98084386 4.980835   0.         4.980835  ]

Tabla de direcciones por cada iteración:

['↑' '↑' '↑' '↑' '←' '↓' '↓' '→' '←' '↓' '↓' '→' '←' '↓' '↓' '→' '←' '↓' '↓' '→' '←' '↓' '↓' '→' '←' '↓' '↓' '→' '←' '↓' '↓' '→' '←' '↓' '↓' '→' '↓' '↓' '↓' '↑' '↑']
['→' '↓' '←' '←' '→' '↑' '←' '←' '→' '↑' '←' '←' '→' '↑' '←' '←' '→' '↑' '←' '←' '→' '↑' '←' '←' '→' '↑' '←' '←' '→' '→' '←' '←' '→' '↓' '↓' '↓' '→' '↓' '↓' '↑' '↑']
['↓' '→' '↓' '↓' '↓' '↓' '↓' '↓' '↓' '↓' '↓' '↓' '↓' '↓' '↓' '↓' '↓' '↓' '↓' '↓' '↓' '↓' '↓' '←' '→' '↑' '←' '←' '↓' '→' '←' '↓' '→' '↓' '↓' '↓' '→' '↓' '↓' '↑' '↑']
['→' '↓' '←' '←' '→' '→' '↓' '←' '→' '→' '↓' '←' '→' '↓' '↓' '←' '→' '↓' '↓' '←' '→' '↓' '↓' '←' '→' '↑' '←' '↓' '↓' '→' '→' '↓' '→' '↓' '↓' '↓' '→' '↓' '↓' '↑' '↑']
['↓' '↓' '↓' '↓' '↓' '↓' '↓' '←' '→' '→' '↓' '←' '→' '↓' '↓' '←' '→' '↓' '↓' '←' '→' '↓' '↓' '↓' '→' '↑' '→' '↓' '↓' '→' '→' '↓' '→' '↓' '→' '↓' '→' '↓' '↓' '↑' '↑']
['→' '↓' '↓' '←' '→' '↓' '↓' '←' '→' '→' '↓' '←' '→' '↓' '↓' '←' '→' '↓' '↓' '↓' '→' '↓' '→' '↓' '→' '↑' '→' '↓' '↓' '→' '→' '↓' '→' '↓' '→' '↓' '→' '↓' '↓' '↑' '↑']
['→' '↓' '↓' '←' '→' '↓' '↓' '←' '→' '→' '↓' '←' '→' '↓' '↓' '↓' '→' '↓' '↓' '↓' '→' '↓' '→' '↓' '→' '↑' '→' '↓' '↓' '→' '→' '↓' '→' '↓' '→' '↓' '→' '↓' '↓' '↑' '↑']
['→' '↓' '↓' '←' '→' '↓' '↓' '←' '→' '→' '↓' '↓' '→' '↓' '↓' '↓' '→' '↓' '↓' '↓' '→' '↓' '→' '↓' '→' '↑' '→' '↓' '↓' '→' '→' '↓' '→' '↓' '→' '↓' '→' '↓' '↓' '↑' '↑']
['→' '↓' '↓' '←' '→' '↓' '↓' '↓' '→' '→' '↓' '↓' '→' '↓' '↓' '↓' '→' '↓' '↓' '↓' '→' '↓' '→' '↓' '→' '↑' '→' '↓' '↓' '→' '→' '↓' '→' '↓' '→' '↓' '→' '↓' '↓' '↑' '↑']
['→' '↓' '↓' '←' '→' '↓' '↓' '↓' '→' '→' '↓' '↓' '→' '↓' '↓' '↓' '→' '↓' '↓' '↓' '→' '↓' '→' '↓' '→' '↑' '→' '↓' '↓' '→' '→' '↓' '→' '↓' '→' '↓' '→' '↓' '↓' '↑' '↑']
