#### Algoritmo de Iteración de Política ###
------------------------------------------

Nodos inicializados:

{'1': 'N', '2': 'N', '3': 'N', '4': 'W', '5': 'S', '6': 'E', '7': 'W', '8': 'S', '9': 'E', '10': 'W', '11': 'S', '12': 'E', '13': 'W', '14': 'S', '15': 'E', '16': 'W', '17': 'S', '18': 'E', '19': 'W', '20': 'S', '21': 'E', '22': 'W', '23': 'S', '24': 'E', '25': 'W', '26': 'S', '27': 'E', '28': 'W', '29': 'S', '30': 'E', '31': 'W', '32': 'S', '33': 'E', '34': 'W', '35': 'S', '36': 'E', '37': 'W', '38': 'S', '39': 'E', '40': 'W', '41': 'S', '42': 'E', '43': 'S', '44': 'S', '45': 'N', '46': 'N'}

Número de iteraciones: 17

Tiempo de ejecución: 0.6100046634674072 s

Política final:

[['→' '→' '↓']
 ['→' '→' '↓']
 ['→' '→' '↓']
 ['→' '→' '↓']
 ['→' '→' '↓']
 ['→' '→' '↓']
 ['→' '→' '↓']
 ['→' '→' '↓']
 ['→' '→' '↓']
 ['→' '→' '↓']
 ['→' '→' '↓']
 ['→' '→' '↓']
 ['→' '→' '↓']
 ['→' '→' '↓']
 ['→' '→' '↑']]

Detalle de las iteraciones
-------------------------

Tabla de valores por cada iteración:

[66.  64.5 63.  61.5 60.  58.5 57.  55.5 54.  52.5 51.  49.5 48.  46.5 45.  43.5 42.  40.5 39.  37.5 36.  34.5 33.  31.5 30.  28.5 27.  25.5 24.  22.5 21.  19.5 18.  16.5 15.  13.5 12.  10.5  9.   7.5  6.   4.5  3.   1.5  0.   1.5]
[43.939      29.60894286 27.64804857 36.23242857 21.69002249 20.52102024 31.75428571 15.5478716  14.99308444 27.58857143 11.09028527 10.98125674 23.73528571  8.05950424  8.25355381 20.19442857  6.12472438  6.51225194 16.966       4.95922248  5.46330023 14.05        4.28915012  4.8602351
 11.44642857  3.91282176  4.52153959  9.15528571  3.69770926  4.32793833  7.17657143  3.56551995  4.20896796  5.51028571  3.47444661  4.12700195  4.15642857  3.40414342  4.06372907  3.115       2.35        1.          3.115       2.35        0.          2.35      ]
[19.46891822 13.32250089 12.53129897 14.493776    8.52363618 10.03387791 10.88313107  6.79153839  8.18807837  8.42819843  5.65397103  6.90356862  6.86102674  4.94483139  6.05732903  5.91697021  4.52012564  5.52430647  5.37421159  4.27057604  5.02700719  4.8602351   4.07100359  4.66390323
  4.52153959  3.82307005  4.44076304  4.32793833  3.66424469  4.29782022  4.20896796  3.55433322  4.1988999   4.12700195  3.47113854  4.12402469  3.8035      3.40329277  1.9         3.115       3.115       1.          3.115       3.115       0.          3.115     ]
[10.52491174  6.22696478  6.6042683   6.67791847  6.07456814  6.46711133  5.8921261   5.43569566  5.8921261   5.41831687  4.90924097  5.41831687  5.13855968  4.59839965  5.13855968  4.97138829  4.41265366  4.97138829  4.84351844  4.27057604  4.84351844  4.66390323  4.32350922  4.8911583
  4.44076304  4.30071522  4.8706437   4.29782022  4.24560239  4.82104215  4.1988999   4.18144423  4.7632998   4.12402469  4.11886279  2.71        3.8035      3.93367857  1.9         3.8035      3.8035      1.          3.8035      3.73852     0.          3.8035    ]
[6.6042683  6.05831906 6.45248716 6.30291349 5.46521724 6.05852662 5.87648518 5.13398348 5.62058513 5.41831687 4.9034965  5.41314685 5.13855968 4.76775693 5.29098123 4.97138829 4.6693658  5.20242922 4.84351844 4.67721165 5.20949048 4.8911583  4.81632024 5.33468822 4.8706437  4.83985318 5.35586787
 4.82104215 4.80956169 5.32860552 4.7632998  4.75946205 3.439      4.70697651 4.47423207 2.71       4.42315    3.93367857 1.9        4.42315    4.23263221 1.         4.364668   3.73852    0.         4.42315   ]
[6.45248716 5.73112341 6.15801107 5.91869552 5.46521724 5.91869552 5.76066626 5.28962918 5.76066626 5.41314685 5.18907604 5.67016844 5.29098123 5.12012279 5.60811052 5.20242922 5.11476178 5.6032856  5.20949048 5.17292675 5.65563407 5.33468822 5.31823454 5.78641108 5.35586787 5.34909835 5.81418852
 5.32860552 5.32608146 4.0951     5.28351584 4.96733809 3.439      5.02680886 4.47423207 2.71       4.8988225  4.332025   1.9        4.80936899 4.23263221 1.         4.364668   4.184668   0.         4.980835  ]
[6.15801107 5.83150671 6.24835604 5.91869552 5.69317268 6.12385541 5.76066626 5.61662074 6.05495867 5.67016844 5.56692112 6.01022901 5.60811052 5.55851579 6.00266421 5.6032856  5.58401129 6.02561016 5.65563407 5.64759527 6.08283575 5.78641108 5.78279362 6.20451426 5.81418852 5.81270019 4.68559
 5.79347331 5.41708058 4.0951     5.47060428 4.96733809 3.439      5.02680886 4.81123315 2.71       4.8988225  4.69053679 1.9        4.80936899 4.61265471 1.         4.7662012  4.5862012  0.         5.4827515 ]
[6.24835604 6.0859796  6.47738164 6.12385541 6.02569868 6.42312881 6.05495867 5.98858539 6.38972685 6.01022901 5.98025963 6.38223367 6.00266421 5.99176046 6.39258441 6.02561016 6.02137257 6.41923531 6.08283575 6.08106836 6.47296152 6.20451426 6.20371894 5.217031   6.23143017 5.82720119 4.68559
 5.87537252 5.41708058 4.0951     5.47060428 5.25127942 3.439      5.33010984 5.11453412 2.71       5.22148311 5.01319739 1.9        5.15138924 4.95467495 1.         5.12758108 4.94758108 0.         5.93447635]
[6.47738164 6.40670879 6.76603791 6.42312881 6.37790016 6.74011015 6.38972685 6.37046082 6.73341474 6.38223367 6.37564468 6.73808022 6.39258441 6.39018715 6.75116843 6.41923531 6.41830365 6.77647328 6.47296152 6.47257295 5.6953279  6.58334704 6.20112687 5.217031   6.24448107 5.82720119 4.68559
 5.87537252 5.6552041  4.0951     5.72615148 5.50682662 3.439      5.60308071 5.38750499 2.71       5.51187765 5.30359194 1.9        5.45920746 5.26249317 1.         5.45282297 5.27282297 0.         6.34102872]
[6.76603791 6.73347329 7.06012596 6.74011015 6.72698172 7.05428355 6.73341474 6.72917897 7.05626107 6.73808022 6.73663158 7.06296842 6.75116843 6.75064138 7.07557724 6.77647328 6.77626845 6.12579511 6.82531566 6.54199541 5.6953279  6.58101418 6.20112687 5.217031   6.24448107 6.02583106 4.68559
 6.08968369 5.86951528 4.0951     5.95614396 5.7368191  3.439      5.84875449 5.63317878 2.71       5.77323275 5.56494703 1.9        5.73624385 5.53952957 1.         5.74554067 5.56554067 0.         6.70692584]
[7.06012596 7.05067349 7.34560614 7.05428355 7.05139717 7.34625746 7.05626107 7.05532981 7.34979682 7.06296842 7.06264993 7.35638494 7.07557724 7.07546136 6.5132156  7.0986416  6.85267897 6.12579511 6.88779587 6.54199541 5.6953279  6.58101418 6.36578058 5.217031   6.42324795 6.20459794 4.68559
 6.28256375 6.06239534 4.0951     6.16313719 5.94381233 3.439      6.0698609  5.85428519 2.71       6.00845233 5.80016661 1.9        5.98557661 5.78886232 1.         6.00898661 5.82898661 0.         7.03623326]
[7.34560614 7.34352795 7.60917516 7.34625746 7.34562287 7.61106058 7.34979682 7.34959208 7.61463287 7.35638494 7.35631491 6.86189404 7.36791522 7.13580586 6.5132156  7.16741107 6.85267897 6.12579511 6.88779587 6.67748189 5.6953279  6.72920252 6.51396892 5.217031   6.58413815 6.36548814 4.68559
 6.4561558  6.23598739 4.0951     6.3494311  6.13010624 3.439      6.26885667 6.05328096 2.71       6.22014995 6.01186424 1.9        6.20997609 6.01326181 1.         6.24608795 6.06608795 0.         7.33260993]
[7.60917516 7.60871825 7.84784643 7.61106058 7.61092106 7.84982895 7.61463287 7.61458786 7.17570464 7.62068342 7.39378058 6.86189404 7.42222527 7.13580586 6.5132156  7.16741107 6.96318513 6.12579511 7.0097337  6.79941972 5.6953279  6.86257202 6.64733842 5.217031   6.72893932 6.51028931 4.68559
 6.61238865 6.39222024 4.0951     6.51709562 6.29777076 3.439      6.44795286 6.23237715 2.71       6.41067781 6.2023921  1.9        6.41193563 6.21522134 1.         6.45947915 6.27947915 0.         7.59934894]
[7.84784643 7.84774597 8.06297137 7.84982895 7.84979828 7.45813417 7.85312907 7.62880231 7.17570464 7.65440253 7.39378058 6.86189404 7.42222527 7.2249729  6.5132156  7.26686661 7.06264067 6.12579511 7.11947775 6.90916377 5.6953279  6.98260458 6.76737097 5.217031   6.85926038 6.64061037 4.68559
 6.75299821 6.5328298  4.0951     6.66799369 6.44866883 3.439      6.60913943 6.39356372 2.71       6.58215289 6.37386718 1.9        6.59369921 6.39698492 1.         6.65153124 6.47153124 0.         7.83941405]
[8.06297137 8.06294929 7.71232075 8.06481845 7.84288188 7.45813417 7.86592208 7.62880231 7.17570464 7.65440253 7.46477127 6.86189404 7.50247561 7.30522323 6.5132156  7.3563766  7.15215066 6.12579511 7.21824739 7.00793341 5.6953279  7.09063388 6.87540027 5.217031   6.97654933 6.75789932 4.68559
 6.87954682 6.6593784  4.0951     6.80380195 6.58447709 3.439      6.75420734 6.53863163 2.71       6.73648046 6.52819474 1.9        6.75728643 6.56057214 1.         6.82437811 6.64437811 0.         8.05547264]
[8.25273432 8.03785751 7.71232075 8.05859369 7.84288188 7.45813417 7.86592208 7.68436023 7.17570464 7.71829414 7.52866288 6.86189404 7.57470091 7.37744854 6.5132156  7.43693559 7.23270965 6.12579511 7.30714007 7.09682609 5.6953279  7.18786024 6.97262664 5.217031   7.08210939 6.86345938 4.68559
 6.99344056 6.77327215 4.0951     6.92602938 6.70670452 3.439      6.88476847 6.66919275 2.71       6.87537527 6.66708956 1.9        6.90451493 6.70780064 1.         6.9799403  6.7999403  0.         8.24992538]
[8.23407176 8.03785751 7.71232075 8.05859369 7.84288188 7.45813417 7.86592208 7.68436023 7.17570464 7.71829414 7.52866288 6.86189404 7.57470091 7.37744854 6.5132156  7.43693559 7.23270965 6.12579511 7.30714007 7.09682609 5.6953279  7.18786024 6.97262664 5.217031   7.08210939 6.86345938 4.68559
 6.99344056 6.77327215 4.0951     6.92602938 6.70670452 3.439      6.88476847 6.66919275 2.71       6.87537527 6.66708956 1.9        6.90451493 6.70780064 1.         6.9799403  6.7999403  0.         8.24992538]
[8.23407176 8.03785751 7.71232075 8.05859369 7.84288188 7.45813417 7.86592208 7.68436023 7.17570464 7.71829414 7.52866288 6.86189404 7.57470091 7.37744854 6.5132156  7.43693559 7.23270965 6.12579511 7.30714007 7.09682609 5.6953279  7.18786024 6.97262664 5.217031   7.08210939 6.86345938 4.68559
 6.99344056 6.77327215 4.0951     6.92602938 6.70670452 3.439      6.88476847 6.66919275 2.71       6.87537527 6.66708956 1.9        6.90451493 6.70780064 1.         6.9799403  6.7999403  0.         8.24992538]

Tabla de direcciones por cada iteración:

['↑' '↑' '↑' '←' '↓' '→' '←' '↓' '→' '←' '↓' '→' '←' '↓' '→' '←' '↓' '→' '←' '↓' '→' '←' '↓' '→' '←' '↓' '→' '←' '↓' '→' '←' '↓' '→' '←' '↓' '→' '←' '↓' '→' '←' '↓' '→' '↓' '↓' '↑' '↑']
['→' '↓' '←' '→' '↑' '←' '→' '↑' '←' '→' '↑' '←' '→' '↑' '←' '→' '↑' '←' '→' '↑' '←' '→' '↑' '←' '→' '↑' '←' '→' '↑' '←' '→' '↑' '←' '→' '↑' '←' '→' '↑' '←' '→' '↓' '↓' '→' '↓' '↑' '↑']
['↓' '→' '↓' '↓' '↓' '↓' '↓' '↓' '↓' '↓' '↓' '↓' '↓' '↓' '↓' '↓' '↓' '↓' '↓' '↓' '←' '→' '↑' '←' '→' '↑' '←' '→' '↑' '←' '→' '↑' '←' '→' '↑' '←' '↓' '↑' '↓' '→' '↓' '↓' '→' '↓' '↑' '↑']
['→' '↓' '←' '→' '↑' '←' '→' '↓' '←' '→' '↓' '←' '→' '↓' '←' '→' '↓' '←' '→' '↓' '←' '→' '↑' '←' '→' '↑' '←' '→' '↑' '←' '→' '↑' '←' '→' '↑' '↓' '↓' '→' '↓' '→' '↓' '↓' '→' '→' '↑' '↑']
['→' '↓' '←' '↓' '↓' '↓' '↓' '↓' '←' '→' '↓' '←' '→' '↓' '←' '→' '↓' '←' '→' '↓' '←' '→' '↑' '←' '→' '↑' '←' '→' '↑' '←' '→' '↑' '↓' '→' '→' '↓' '↓' '→' '↓' '→' '→' '↓' '→' '→' '↑' '↑']
['→' '↓' '←' '→' '↓' '←' '→' '↓' '←' '→' '↓' '←' '→' '↓' '←' '→' '↓' '←' '→' '↓' '←' '→' '↑' '←' '→' '↑' '←' '→' '↑' '↓' '→' '→' '↓' '→' '→' '↓' '→' '→' '↓' '→' '→' '↓' '→' '→' '↑' '↑']
['→' '↓' '←' '→' '↓' '←' '→' '↓' '←' '→' '↓' '←' '→' '↓' '←' '→' '↓' '←' '→' '↓' '←' '→' '↑' '←' '→' '↑' '↓' '→' '→' '↓' '→' '→' '↓' '→' '→' '↓' '→' '→' '↓' '→' '→' '↓' '→' '→' '↑' '↑']
['→' '↓' '←' '→' '↓' '←' '→' '↓' '←' '→' '↓' '←' '→' '↓' '←' '→' '↓' '←' '→' '↓' '←' '→' '↑' '↓' '→' '→' '↓' '→' '→' '↓' '→' '→' '↓' '→' '→' '↓' '→' '→' '↓' '→' '→' '↓' '→' '→' '↑' '↑']
['→' '↓' '←' '→' '↓' '←' '→' '↓' '←' '→' '↓' '←' '→' '↓' '←' '→' '↓' '←' '→' '↓' '↓' '→' '→' '↓' '→' '→' '↓' '→' '→' '↓' '→' '→' '↓' '→' '→' '↓' '→' '→' '↓' '→' '→' '↓' '→' '→' '↑' '↑']
['→' '↓' '←' '→' '↓' '←' '→' '↓' '←' '→' '↓' '←' '→' '↓' '←' '→' '↓' '↓' '→' '→' '↓' '→' '→' '↓' '→' '→' '↓' '→' '→' '↓' '→' '→' '↓' '→' '→' '↓' '→' '→' '↓' '→' '→' '↓' '→' '→' '↑' '↑']
['→' '↓' '←' '→' '↓' '←' '→' '↓' '←' '→' '↓' '←' '→' '↓' '↓' '→' '→' '↓' '→' '→' '↓' '→' '→' '↓' '→' '→' '↓' '→' '→' '↓' '→' '→' '↓' '→' '→' '↓' '→' '→' '↓' '→' '→' '↓' '→' '→' '↑' '↑']
['→' '↓' '←' '→' '↓' '←' '→' '↓' '←' '→' '↓' '↓' '→' '→' '↓' '→' '→' '↓' '→' '→' '↓' '→' '→' '↓' '→' '→' '↓' '→' '→' '↓' '→' '→' '↓' '→' '→' '↓' '→' '→' '↓' '→' '→' '↓' '→' '→' '↑' '↑']
['→' '↓' '←' '→' '↓' '←' '→' '↓' '↓' '→' '→' '↓' '→' '→' '↓' '→' '→' '↓' '→' '→' '↓' '→' '→' '↓' '→' '→' '↓' '→' '→' '↓' '→' '→' '↓' '→' '→' '↓' '→' '→' '↓' '→' '→' '↓' '→' '→' '↑' '↑']
['→' '↓' '←' '→' '↓' '↓' '→' '→' '↓' '→' '→' '↓' '→' '→' '↓' '→' '→' '↓' '→' '→' '↓' '→' '→' '↓' '→' '→' '↓' '→' '→' '↓' '→' '→' '↓' '→' '→' '↓' '→' '→' '↓' '→' '→' '↓' '→' '→' '↑' '↑']
['→' '↓' '↓' '→' '→' '↓' '→' '→' '↓' '→' '→' '↓' '→' '→' '↓' '→' '→' '↓' '→' '→' '↓' '→' '→' '↓' '→' '→' '↓' '→' '→' '↓' '→' '→' '↓' '→' '→' '↓' '→' '→' '↓' '→' '→' '↓' '→' '→' '↑' '↑']
['↓' '→' '↓' '→' '→' '↓' '→' '→' '↓' '→' '→' '↓' '→' '→' '↓' '→' '→' '↓' '→' '→' '↓' '→' '→' '↓' '→' '→' '↓' '→' '→' '↓' '→' '→' '↓' '→' '→' '↓' '→' '→' '↓' '→' '→' '↓' '→' '→' '↑' '↑']
['→' '→' '↓' '→' '→' '↓' '→' '→' '↓' '→' '→' '↓' '→' '→' '↓' '→' '→' '↓' '→' '→' '↓' '→' '→' '↓' '→' '→' '↓' '→' '→' '↓' '→' '→' '↓' '→' '→' '↓' '→' '→' '↓' '→' '→' '↓' '→' '→' '↑' '↑']
['→' '→' '↓' '→' '→' '↓' '→' '→' '↓' '→' '→' '↓' '→' '→' '↓' '→' '→' '↓' '→' '→' '↓' '→' '→' '↓' '→' '→' '↓' '→' '→' '↓' '→' '→' '↓' '→' '→' '↓' '→' '→' '↓' '→' '→' '↓' '→' '→' '↑' '↑']
